<?xml version="1.0" encoding="UTF-8"?>
<testsuite name="AccountServiceTest" tests="1" skipped="0" failures="0" errors="0" timestamp="2022-07-25T00:46:22" hostname="LenovoPc" time="24.121">
  <properties/>
  <testcase name="start" classname="AccountServiceTest" time="24.121"/>
  <system-out><![CDATA[?[1;31m
Start test 1?[0m

  .   ____          _            __ _ _
 /\\ / ___'_ __ _ _(_)_ __  __ _ \ \ \ \
( ( )\___ | '_ | '_| | '_ \/ _` | \ \ \ \
 \\/  ___)| |_)| | | | | || (_| |  ) ) ) )
  '  |____| .__|_| |_|_| |_\__, | / / / /
 =========|_|==============|___/=/_/_/_/
 :: Spring Boot ::        (v2.3.1.RELEASE)

2022-07-25 01:46:23.167  INFO 85031 --- [    Test worker] account.AccountServiceApplication        : Starting AccountServiceApplication on LenovoPc with PID 85031 (started by muy in /home/muy/IdeaProjects/Account Service/Account Service/task)
2022-07-25 01:46:23.173  INFO 85031 --- [    Test worker] account.AccountServiceApplication        : No active profile set, falling back to default profiles: default
2022-07-25 01:46:24.875  INFO 85031 --- [    Test worker] .s.d.r.c.RepositoryConfigurationDelegate : Bootstrapping Spring Data JPA repositories in DEFERRED mode.
2022-07-25 01:46:24.984  INFO 85031 --- [    Test worker] .s.d.r.c.RepositoryConfigurationDelegate : Finished Spring Data repository scanning in 96ms. Found 4 JPA repository interfaces.
2022-07-25 01:46:25.565  INFO 85031 --- [    Test worker] trationDelegate$BeanPostProcessorChecker : Bean 'org.springframework.security.access.expression.method.DefaultMethodSecurityExpressionHandler@1ba467c2' of type [org.springframework.security.access.expression.method.DefaultMethodSecurityExpressionHandler] is not eligible for getting processed by all BeanPostProcessors (for example: not eligible for auto-proxying)
2022-07-25 01:46:25.574  INFO 85031 --- [    Test worker] trationDelegate$BeanPostProcessorChecker : Bean 'methodSecurityMetadataSource' of type [org.springframework.security.access.method.DelegatingMethodSecurityMetadataSource] is not eligible for getting processed by all BeanPostProcessors (for example: not eligible for auto-proxying)
2022-07-25 01:46:26.007  INFO 85031 --- [    Test worker] o.s.b.w.embedded.tomcat.TomcatWebServer  : Tomcat initialized with port(s): 28852 (http)
2022-07-25 01:46:26.025  INFO 85031 --- [    Test worker] o.apache.catalina.core.StandardService   : Starting service [Tomcat]
2022-07-25 01:46:26.026  INFO 85031 --- [    Test worker] org.apache.catalina.core.StandardEngine  : Starting Servlet engine: [Apache Tomcat/9.0.36]
2022-07-25 01:46:26.154  INFO 85031 --- [    Test worker] o.a.c.c.C.[Tomcat].[localhost].[/]       : Initializing Spring embedded WebApplicationContext
2022-07-25 01:46:26.155  INFO 85031 --- [    Test worker] w.s.c.ServletWebServerApplicationContext : Root WebApplicationContext: initialization completed in 2910 ms
2022-07-25 01:46:26.416  INFO 85031 --- [    Test worker] com.zaxxer.hikari.HikariDataSource       : HikariPool-1 - Starting...
2022-07-25 01:46:26.706  INFO 85031 --- [    Test worker] com.zaxxer.hikari.HikariDataSource       : HikariPool-1 - Start completed.
2022-07-25 01:46:26.716  INFO 85031 --- [    Test worker] o.s.b.a.h2.H2ConsoleAutoConfiguration    : H2 console available at '/h2-console'. Database available at 'jdbc:h2:file:../service_db'
2022-07-25 01:46:26.960  INFO 85031 --- [    Test worker] o.s.s.concurrent.ThreadPoolTaskExecutor  : Initializing ExecutorService 'applicationTaskExecutor'
2022-07-25 01:46:27.184  WARN 85031 --- [    Test worker] JpaBaseConfiguration$JpaWebConfiguration : spring.jpa.open-in-view is enabled by default. Therefore, database queries may be performed during view rendering. Explicitly configure spring.jpa.open-in-view to disable this warning
2022-07-25 01:46:29.045  INFO 85031 --- [         task-1] j.LocalContainerEntityManagerFactoryBean : Initialized JPA EntityManagerFactory for persistence unit 'default'
2022-07-25 01:46:29.790  INFO 85031 --- [    Test worker] o.s.s.web.DefaultSecurityFilterChain     : Creating filter chain: Ant [pattern='/h2-console/**'], []
2022-07-25 01:46:29.830  INFO 85031 --- [    Test worker] o.s.s.web.DefaultSecurityFilterChain     : Creating filter chain: any request, [org.springframework.security.web.context.request.async.WebAsyncManagerIntegrationFilter@71e7c13f, org.springframework.security.web.context.SecurityContextPersistenceFilter@67e4928c, org.springframework.security.web.header.HeaderWriterFilter@5e681097, org.springframework.security.web.authentication.logout.LogoutFilter@422ba9b7, org.springframework.security.web.authentication.www.BasicAuthenticationFilter@507f47f9, org.springframework.security.web.savedrequest.RequestCacheAwareFilter@72e75786, org.springframework.security.web.servletapi.SecurityContextHolderAwareRequestFilter@35a9e665, org.springframework.security.web.authentication.AnonymousAuthenticationFilter@2295566b, org.springframework.security.web.session.SessionManagementFilter@30bbe83, org.springframework.security.web.access.ExceptionTranslationFilter@9d3a7a1, org.springframework.security.web.access.intercept.FilterSecurityInterceptor@6e67a8c0]
2022-07-25 01:46:30.051 DEBUG 85031 --- [    Test worker] s.w.s.m.m.a.RequestMappingHandlerAdapter : ControllerAdvice beans: 0 @ModelAttribute, 0 @InitBinder, 1 RequestBodyAdvice, 1 ResponseBodyAdvice
2022-07-25 01:46:30.147 DEBUG 85031 --- [    Test worker] s.w.s.m.m.a.RequestMappingHandlerMapping : 12 mappings in 'requestMappingHandlerMapping'
2022-07-25 01:46:30.200 DEBUG 85031 --- [    Test worker] o.s.w.s.handler.SimpleUrlHandlerMapping  : Patterns [/webjars/**, /**] in 'resourceHandlerMapping'
2022-07-25 01:46:30.220 DEBUG 85031 --- [    Test worker] .m.m.a.ExceptionHandlerExceptionResolver : ControllerAdvice beans: 1 @ExceptionHandler, 1 ResponseBodyAdvice
2022-07-25 01:46:30.633  INFO 85031 --- [    Test worker] o.s.b.a.e.web.EndpointLinksResolver      : Exposing 14 endpoint(s) beneath base path '/actuator'
2022-07-25 01:46:30.739  INFO 85031 --- [    Test worker] o.s.b.w.embedded.tomcat.TomcatWebServer  : Tomcat started on port(s): 28852 (http) with context path ''
2022-07-25 01:46:30.741  INFO 85031 --- [    Test worker] DeferredRepositoryInitializationListener : Triggering deferred initialization of Spring Data repositories…
2022-07-25 01:46:30.936  INFO 85031 --- [    Test worker] DeferredRepositoryInitializationListener : Spring Data repositories initialized!
2022-07-25 01:46:30.960  INFO 85031 --- [    Test worker] account.AccountServiceApplication        : Started AccountServiceApplication in 8.318 seconds (JVM running for 9.395)
2022-07-25 01:46:31.460  INFO 85031 --- [io-28852-exec-1] o.a.c.c.C.[Tomcat].[localhost].[/]       : Initializing Spring DispatcherServlet 'dispatcherServlet'
2022-07-25 01:46:31.461  INFO 85031 --- [io-28852-exec-1] o.s.web.servlet.DispatcherServlet        : Initializing Servlet 'dispatcherServlet'
2022-07-25 01:46:31.462 DEBUG 85031 --- [io-28852-exec-1] o.s.web.servlet.DispatcherServlet        : Detected StandardServletMultipartResolver
2022-07-25 01:46:31.472 DEBUG 85031 --- [io-28852-exec-1] o.s.web.servlet.DispatcherServlet        : enableLoggingRequestDetails='false': request parameters and headers will be masked to prevent unsafe logging of potentially sensitive data
2022-07-25 01:46:31.473  INFO 85031 --- [io-28852-exec-1] o.s.web.servlet.DispatcherServlet        : Completed initialization in 11 ms
2022-07-25 01:46:31.501 DEBUG 85031 --- [io-28852-exec-1] o.s.web.servlet.DispatcherServlet        : POST "/api/auth/signup", parameters={}
2022-07-25 01:46:31.511 DEBUG 85031 --- [io-28852-exec-1] s.w.s.m.m.a.RequestMappingHandlerMapping : Mapped to account.presentation.RegistrationController#addUser(User)
2022-07-25 01:46:31.589 DEBUG 85031 --- [io-28852-exec-1] m.m.a.RequestResponseBodyMethodProcessor : Read "application/json;charset=UTF-8" to [account.business.User@7e1d0c14]
2022-07-25 01:46:31.930 DEBUG 85031 --- [io-28852-exec-1] m.m.a.RequestResponseBodyMethodProcessor : Using 'application/json', given [*/*] and supported [application/json, application/*+json, application/json, application/*+json]
2022-07-25 01:46:31.931 DEBUG 85031 --- [io-28852-exec-1] m.m.a.RequestResponseBodyMethodProcessor : Writing [account.presentation.UserDTO@72bdced8]
2022-07-25 01:46:31.945 DEBUG 85031 --- [io-28852-exec-1] o.s.web.servlet.DispatcherServlet        : Completed 200 OK
?[1;31m
Start test 2?[0m
2022-07-25 01:46:31.982 DEBUG 85031 --- [io-28852-exec-2] o.s.web.servlet.DispatcherServlet        : POST "/api/auth/signup", parameters={}
2022-07-25 01:46:31.984 DEBUG 85031 --- [io-28852-exec-2] s.w.s.m.m.a.RequestMappingHandlerMapping : Mapped to account.presentation.RegistrationController#addUser(User)
2022-07-25 01:46:31.986 DEBUG 85031 --- [io-28852-exec-2] m.m.a.RequestResponseBodyMethodProcessor : Read "application/json;charset=UTF-8" to [account.business.User@3a742fde]
2022-07-25 01:46:32.137 DEBUG 85031 --- [io-28852-exec-2] m.m.a.RequestResponseBodyMethodProcessor : Using 'application/json', given [*/*] and supported [application/json, application/*+json, application/json, application/*+json]
2022-07-25 01:46:32.138 DEBUG 85031 --- [io-28852-exec-2] m.m.a.RequestResponseBodyMethodProcessor : Writing [account.presentation.UserDTO@28852623]
2022-07-25 01:46:32.141 DEBUG 85031 --- [io-28852-exec-2] o.s.web.servlet.DispatcherServlet        : Completed 200 OK
?[1;31m
Start test 3?[0m
2022-07-25 01:46:32.479 DEBUG 85031 --- [io-28852-exec-3] o.s.web.servlet.DispatcherServlet        : PUT "/api/admin/user/role", parameters={}
2022-07-25 01:46:32.481 DEBUG 85031 --- [io-28852-exec-3] s.w.s.m.m.a.RequestMappingHandlerMapping : Mapped to account.presentation.AdminController#changeRole(Map, UserDetailsImpl)
2022-07-25 01:46:32.491 DEBUG 85031 --- [io-28852-exec-3] m.m.a.RequestResponseBodyMethodProcessor : Read "application/json;charset=UTF-8" to [{user=IvanIvanov@acme.com, operation=GRANT, role=AUDITOR}]
2022-07-25 01:46:32.545 DEBUG 85031 --- [io-28852-exec-3] m.m.a.RequestResponseBodyMethodProcessor : Using 'application/json', given [*/*] and supported [application/json, application/*+json, application/json, application/*+json]
2022-07-25 01:46:32.545 DEBUG 85031 --- [io-28852-exec-3] m.m.a.RequestResponseBodyMethodProcessor : Writing [account.presentation.UserDTO@17010dab]
2022-07-25 01:46:32.549 DEBUG 85031 --- [io-28852-exec-3] o.s.web.servlet.DispatcherServlet        : Completed 200 OK
?[1;31m
Start test 4?[0m
2022-07-25 01:46:32.812 DEBUG 85031 --- [io-28852-exec-6] o.s.web.servlet.DispatcherServlet        : GET "/api/security/events/", parameters={}
2022-07-25 01:46:32.821 DEBUG 85031 --- [io-28852-exec-6] s.w.s.m.m.a.RequestMappingHandlerMapping : Mapped to account.presentation.UserController#getAllLogs(UserDetails, String)
2022-07-25 01:46:32.945 DEBUG 85031 --- [io-28852-exec-6] o.s.w.s.m.m.a.HttpEntityMethodProcessor  : Using 'application/json', given [*/*] and supported [application/json, application/*+json, application/json, application/*+json]
2022-07-25 01:46:32.945 DEBUG 85031 --- [io-28852-exec-6] o.s.w.s.m.m.a.HttpEntityMethodProcessor  : Writing [[account.business.Log@acce08b, account.business.Log@223de3f9, account.business.Log@58382ada]]
2022-07-25 01:46:32.967 DEBUG 85031 --- [io-28852-exec-6] o.s.web.servlet.DispatcherServlet        : Completed 200 OK
?[1;31m
Start test 5?[0m
2022-07-25 01:46:33.191 DEBUG 85031 --- [io-28852-exec-7] o.s.web.servlet.DispatcherServlet        : GET "/api/security/events/", parameters={}
2022-07-25 01:46:33.210 DEBUG 85031 --- [io-28852-exec-7] s.w.s.m.m.a.RequestMappingHandlerMapping : Mapped to account.presentation.UserController#getAllLogs(UserDetails, String)
2022-07-25 01:46:33.217 DEBUG 85031 --- [io-28852-exec-7] o.s.w.s.m.m.a.HttpEntityMethodProcessor  : Using 'application/json', given [*/*] and supported [application/json, application/*+json, application/json, application/*+json]
2022-07-25 01:46:33.219 DEBUG 85031 --- [io-28852-exec-7] o.s.w.s.m.m.a.HttpEntityMethodProcessor  : Writing [[account.business.Log@6c5afb27, account.business.Log@622d090a, account.business.Log@2af5ef5]]
2022-07-25 01:46:33.225 DEBUG 85031 --- [io-28852-exec-7] o.s.web.servlet.DispatcherServlet        : Completed 200 OK
?[1;31m
Start test 6?[0m
2022-07-25 01:46:33.365 DEBUG 85031 --- [io-28852-exec-8] o.s.web.servlet.DispatcherServlet        : GET "/api/security/events/", parameters={}
2022-07-25 01:46:33.368 DEBUG 85031 --- [io-28852-exec-8] s.w.s.m.m.a.RequestMappingHandlerMapping : Mapped to account.presentation.UserController#getAllLogs(UserDetails, String)
2022-07-25 01:46:33.385 DEBUG 85031 --- [io-28852-exec-8] o.s.w.s.m.m.a.HttpEntityMethodProcessor  : Using 'application/json', given [*/*] and supported [application/json, application/*+json, application/json, application/*+json]
2022-07-25 01:46:33.387 DEBUG 85031 --- [io-28852-exec-8] o.s.w.s.m.m.a.HttpEntityMethodProcessor  : Writing [[account.business.Log@7be0ec0c, account.business.Log@181ecb17, account.business.Log@1e50e936]]
2022-07-25 01:46:33.395 DEBUG 85031 --- [io-28852-exec-8] o.s.web.servlet.DispatcherServlet        : Completed 200 OK
?[1;31m
Start test 7?[0m
2022-07-25 01:46:33.404 DEBUG 85031 --- [io-28852-exec-9] o.s.web.servlet.DispatcherServlet        : POST "/api/auth/signup", parameters={}
2022-07-25 01:46:33.405 DEBUG 85031 --- [io-28852-exec-9] s.w.s.m.m.a.RequestMappingHandlerMapping : Mapped to account.presentation.RegistrationController#addUser(User)
2022-07-25 01:46:33.406 DEBUG 85031 --- [io-28852-exec-9] m.m.a.RequestResponseBodyMethodProcessor : Read "application/json;charset=UTF-8" to [account.business.User@203cb979]
2022-07-25 01:46:33.556 DEBUG 85031 --- [io-28852-exec-9] m.m.a.RequestResponseBodyMethodProcessor : Using 'application/json', given [*/*] and supported [application/json, application/*+json, application/json, application/*+json]
2022-07-25 01:46:33.557 DEBUG 85031 --- [io-28852-exec-9] m.m.a.RequestResponseBodyMethodProcessor : Writing [account.presentation.UserDTO@187bb44]
2022-07-25 01:46:33.562 DEBUG 85031 --- [io-28852-exec-9] o.s.web.servlet.DispatcherServlet        : Completed 200 OK
?[1;31m
Start test 8?[0m
2022-07-25 01:46:33.679 DEBUG 85031 --- [o-28852-exec-10] o.s.web.servlet.DispatcherServlet        : GET "/api/security/events/", parameters={}
2022-07-25 01:46:33.680 DEBUG 85031 --- [o-28852-exec-10] s.w.s.m.m.a.RequestMappingHandlerMapping : Mapped to account.presentation.UserController#getAllLogs(UserDetails, String)
2022-07-25 01:46:33.685 DEBUG 85031 --- [o-28852-exec-10] o.s.w.s.m.m.a.HttpEntityMethodProcessor  : Using 'application/json', given [*/*] and supported [application/json, application/*+json, application/json, application/*+json]
2022-07-25 01:46:33.686 DEBUG 85031 --- [o-28852-exec-10] o.s.w.s.m.m.a.HttpEntityMethodProcessor  : Writing [[account.business.Log@1a28c55b, account.business.Log@c85a5e2, account.business.Log@268f5e08, account (truncated)...]
2022-07-25 01:46:33.689 DEBUG 85031 --- [o-28852-exec-10] o.s.web.servlet.DispatcherServlet        : Completed 200 OK
?[1;31m
Start test 9?[0m
2022-07-25 01:46:33.695 DEBUG 85031 --- [io-28852-exec-1] o.s.web.servlet.DispatcherServlet        : POST "/api/auth/signup", parameters={}
2022-07-25 01:46:33.696 DEBUG 85031 --- [io-28852-exec-1] s.w.s.m.m.a.RequestMappingHandlerMapping : Mapped to account.presentation.RegistrationController#addUser(User)
2022-07-25 01:46:33.698 DEBUG 85031 --- [io-28852-exec-1] m.m.a.RequestResponseBodyMethodProcessor : Read "application/json;charset=UTF-8" to [account.business.User@79da0ac7]
2022-07-25 01:46:33.822 DEBUG 85031 --- [io-28852-exec-1] m.m.a.RequestResponseBodyMethodProcessor : Using 'application/json', given [*/*] and supported [application/json, application/*+json, application/json, application/*+json]
2022-07-25 01:46:33.822 DEBUG 85031 --- [io-28852-exec-1] m.m.a.RequestResponseBodyMethodProcessor : Writing [account.presentation.UserDTO@68fb2931]
2022-07-25 01:46:33.824 DEBUG 85031 --- [io-28852-exec-1] o.s.web.servlet.DispatcherServlet        : Completed 200 OK
?[1;31m
Start test 10?[0m
2022-07-25 01:46:33.955 DEBUG 85031 --- [io-28852-exec-2] o.s.web.servlet.DispatcherServlet        : GET "/api/security/events/", parameters={}
2022-07-25 01:46:33.958 DEBUG 85031 --- [io-28852-exec-2] s.w.s.m.m.a.RequestMappingHandlerMapping : Mapped to account.presentation.UserController#getAllLogs(UserDetails, String)
2022-07-25 01:46:33.964 DEBUG 85031 --- [io-28852-exec-2] o.s.w.s.m.m.a.HttpEntityMethodProcessor  : Using 'application/json', given [*/*] and supported [application/json, application/*+json, application/json, application/*+json]
2022-07-25 01:46:33.964 DEBUG 85031 --- [io-28852-exec-2] o.s.w.s.m.m.a.HttpEntityMethodProcessor  : Writing [[account.business.Log@60ac422b, account.business.Log@776ed22c, account.business.Log@75d17bf0, accoun (truncated)...]
2022-07-25 01:46:33.980 DEBUG 85031 --- [io-28852-exec-2] o.s.web.servlet.DispatcherServlet        : Completed 200 OK
?[1;31m
Start test 11?[0m
2022-07-25 01:46:34.116 DEBUG 85031 --- [io-28852-exec-4] o.s.web.servlet.DispatcherServlet        : GET "/api/empl/payment", parameters={}
2022-07-25 01:46:34.118 DEBUG 85031 --- [io-28852-exec-4] s.w.s.m.m.a.RequestMappingHandlerMapping : Mapped to account.presentation.UserController#getByFilter(UserDetails, String)
2022-07-25 01:46:34.128 DEBUG 85031 --- [io-28852-exec-4] o.s.w.s.m.m.a.HttpEntityMethodProcessor  : Using 'application/json', given [*/*] and supported [application/json, application/*+json, application/json, application/*+json]
2022-07-25 01:46:34.129 DEBUG 85031 --- [io-28852-exec-4] o.s.w.s.m.m.a.HttpEntityMethodProcessor  : Writing [[]]
2022-07-25 01:46:34.131 DEBUG 85031 --- [io-28852-exec-4] o.s.web.servlet.DispatcherServlet        : Completed 200 OK
?[1;31m
Start test 12?[0m
2022-07-25 01:46:34.240 DEBUG 85031 --- [io-28852-exec-5] o.s.web.servlet.DispatcherServlet        : GET "/api/empl/payment", parameters={}
2022-07-25 01:46:34.242 DEBUG 85031 --- [io-28852-exec-5] s.w.s.m.m.a.RequestMappingHandlerMapping : Mapped to account.presentation.UserController#getByFilter(UserDetails, String)
2022-07-25 01:46:34.244 DEBUG 85031 --- [io-28852-exec-5] o.s.w.s.m.m.a.HttpEntityMethodProcessor  : Using 'application/json', given [*/*] and supported [application/json, application/*+json, application/json, application/*+json]
2022-07-25 01:46:34.244 DEBUG 85031 --- [io-28852-exec-5] o.s.w.s.m.m.a.HttpEntityMethodProcessor  : Writing [[]]
2022-07-25 01:46:34.247 DEBUG 85031 --- [io-28852-exec-5] o.s.web.servlet.DispatcherServlet        : Completed 200 OK
?[1;31m
Start test 13?[0m
maxmustermann@acme.com
2022-07-25 01:46:34.377 DEBUG 85031 --- [io-28852-exec-3] o.s.web.servlet.DispatcherServlet        : "ERROR" dispatch for GET "/error", parameters={}
2022-07-25 01:46:34.381 DEBUG 85031 --- [io-28852-exec-3] s.w.s.m.m.a.RequestMappingHandlerMapping : Mapped to org.springframework.boot.autoconfigure.web.servlet.error.BasicErrorController#error(HttpServletRequest)
2022-07-25 01:46:34.384 DEBUG 85031 --- [io-28852-exec-3] o.s.w.s.m.m.a.HttpEntityMethodProcessor  : Using 'application/json', given [*/*] and supported [application/json, application/*+json, application/json, application/*+json]
2022-07-25 01:46:34.385 DEBUG 85031 --- [io-28852-exec-3] o.s.w.s.m.m.a.HttpEntityMethodProcessor  : Writing [{timestamp=Mon Jul 25 01:46:34 WAT 2022, status=401, error=Unauthorized, message=Access Denied!, pat (truncated)...]
2022-07-25 01:46:34.390 DEBUG 85031 --- [io-28852-exec-3] o.s.web.servlet.DispatcherServlet        : Exiting from "ERROR" dispatch, status 401
?[1;31m
Start test 14?[0m
2022-07-25 01:46:34.513 DEBUG 85031 --- [io-28852-exec-6] o.s.web.servlet.DispatcherServlet        : GET "/api/security/events/", parameters={}
2022-07-25 01:46:34.516 DEBUG 85031 --- [io-28852-exec-6] s.w.s.m.m.a.RequestMappingHandlerMapping : Mapped to account.presentation.UserController#getAllLogs(UserDetails, String)
2022-07-25 01:46:34.521 DEBUG 85031 --- [io-28852-exec-6] o.s.w.s.m.m.a.HttpEntityMethodProcessor  : Using 'application/json', given [*/*] and supported [application/json, application/*+json, application/json, application/*+json]
2022-07-25 01:46:34.522 DEBUG 85031 --- [io-28852-exec-6] o.s.w.s.m.m.a.HttpEntityMethodProcessor  : Writing [[account.business.Log@5ca17386, account.business.Log@6f2f6a51, account.business.Log@1f7f9907, accoun (truncated)...]
2022-07-25 01:46:34.525 DEBUG 85031 --- [io-28852-exec-6] o.s.web.servlet.DispatcherServlet        : Completed 200 OK
?[1;31m
Start test 15?[0m
maxmustermann@google.com
2022-07-25 01:46:34.667 DEBUG 85031 --- [io-28852-exec-7] o.s.web.servlet.DispatcherServlet        : "ERROR" dispatch for GET "/error", parameters={}
2022-07-25 01:46:34.669 DEBUG 85031 --- [io-28852-exec-7] s.w.s.m.m.a.RequestMappingHandlerMapping : Mapped to org.springframework.boot.autoconfigure.web.servlet.error.BasicErrorController#error(HttpServletRequest)
2022-07-25 01:46:34.670 DEBUG 85031 --- [io-28852-exec-7] o.s.w.s.m.m.a.HttpEntityMethodProcessor  : Using 'application/json', given [*/*] and supported [application/json, application/*+json, application/json, application/*+json]
2022-07-25 01:46:34.671 DEBUG 85031 --- [io-28852-exec-7] o.s.w.s.m.m.a.HttpEntityMethodProcessor  : Writing [{timestamp=Mon Jul 25 01:46:34 WAT 2022, status=401, error=Unauthorized, message=Access Denied!, pat (truncated)...]
2022-07-25 01:46:34.672 DEBUG 85031 --- [io-28852-exec-7] o.s.web.servlet.DispatcherServlet        : Exiting from "ERROR" dispatch, status 401
?[1;31m
Start test 16?[0m
2022-07-25 01:46:34.787 DEBUG 85031 --- [io-28852-exec-8] o.s.web.servlet.DispatcherServlet        : GET "/api/security/events/", parameters={}
2022-07-25 01:46:34.788 DEBUG 85031 --- [io-28852-exec-8] s.w.s.m.m.a.RequestMappingHandlerMapping : Mapped to account.presentation.UserController#getAllLogs(UserDetails, String)
2022-07-25 01:46:34.793 DEBUG 85031 --- [io-28852-exec-8] o.s.w.s.m.m.a.HttpEntityMethodProcessor  : Using 'application/json', given [*/*] and supported [application/json, application/*+json, application/json, application/*+json]
2022-07-25 01:46:34.793 DEBUG 85031 --- [io-28852-exec-8] o.s.w.s.m.m.a.HttpEntityMethodProcessor  : Writing [[account.business.Log@487377b, account.business.Log@2a3f2a88, account.business.Log@2c382933, account (truncated)...]
2022-07-25 01:46:34.808 DEBUG 85031 --- [io-28852-exec-8] o.s.web.servlet.DispatcherServlet        : Completed 200 OK
?[1;31m
Start test 17?[0m
nautilus@pompilius.com
2022-07-25 01:46:34.966 DEBUG 85031 --- [io-28852-exec-9] o.s.web.servlet.DispatcherServlet        : "ERROR" dispatch for GET "/error", parameters={}
2022-07-25 01:46:34.969 DEBUG 85031 --- [io-28852-exec-9] s.w.s.m.m.a.RequestMappingHandlerMapping : Mapped to org.springframework.boot.autoconfigure.web.servlet.error.BasicErrorController#error(HttpServletRequest)
2022-07-25 01:46:34.971 DEBUG 85031 --- [io-28852-exec-9] o.s.w.s.m.m.a.HttpEntityMethodProcessor  : Using 'application/json', given [*/*] and supported [application/json, application/*+json, application/json, application/*+json]
2022-07-25 01:46:34.972 DEBUG 85031 --- [io-28852-exec-9] o.s.w.s.m.m.a.HttpEntityMethodProcessor  : Writing [{timestamp=Mon Jul 25 01:46:34 WAT 2022, status=401, error=Unauthorized, message=Access Denied!, pat (truncated)...]
2022-07-25 01:46:34.979 DEBUG 85031 --- [io-28852-exec-9] o.s.web.servlet.DispatcherServlet        : Exiting from "ERROR" dispatch, status 401
?[1;31m
Start test 18?[0m
null
2022-07-25 01:46:34.999 DEBUG 85031 --- [o-28852-exec-10] o.s.web.servlet.DispatcherServlet        : "ERROR" dispatch for GET "/error", parameters={}
2022-07-25 01:46:35.006 DEBUG 85031 --- [o-28852-exec-10] s.w.s.m.m.a.RequestMappingHandlerMapping : Mapped to org.springframework.boot.autoconfigure.web.servlet.error.BasicErrorController#error(HttpServletRequest)
2022-07-25 01:46:35.009 DEBUG 85031 --- [o-28852-exec-10] o.s.w.s.m.m.a.HttpEntityMethodProcessor  : Using 'application/json', given [*/*] and supported [application/json, application/*+json, application/json, application/*+json]
2022-07-25 01:46:35.010 DEBUG 85031 --- [o-28852-exec-10] o.s.w.s.m.m.a.HttpEntityMethodProcessor  : Writing [{timestamp=Mon Jul 25 01:46:35 WAT 2022, status=401, error=Unauthorized, message=Access Denied!, pat (truncated)...]
2022-07-25 01:46:35.020 DEBUG 85031 --- [o-28852-exec-10] o.s.web.servlet.DispatcherServlet        : Exiting from "ERROR" dispatch, status 401
?[1;31m
Start test 19?[0m
2022-07-25 01:46:35.187 DEBUG 85031 --- [io-28852-exec-1] o.s.web.servlet.DispatcherServlet        : GET "/api/security/events/", parameters={}
2022-07-25 01:46:35.190 DEBUG 85031 --- [io-28852-exec-1] s.w.s.m.m.a.RequestMappingHandlerMapping : Mapped to account.presentation.UserController#getAllLogs(UserDetails, String)
2022-07-25 01:46:35.210 DEBUG 85031 --- [io-28852-exec-1] o.s.w.s.m.m.a.HttpEntityMethodProcessor  : Using 'application/json', given [*/*] and supported [application/json, application/*+json, application/json, application/*+json]
2022-07-25 01:46:35.210 DEBUG 85031 --- [io-28852-exec-1] o.s.w.s.m.m.a.HttpEntityMethodProcessor  : Writing [[account.business.Log@48971604, account.business.Log@2bc7c9fe, account.business.Log@4c40c918, accoun (truncated)...]
2022-07-25 01:46:35.223 DEBUG 85031 --- [io-28852-exec-1] o.s.web.servlet.DispatcherServlet        : Completed 200 OK
?[1;31m
Start test 20?[0m
2022-07-25 01:46:35.229 DEBUG 85031 --- [io-28852-exec-2] o.s.web.servlet.DispatcherServlet        : POST "/actuator/shutdown", parameters={}
2022-07-25 01:46:35.231 DEBUG 85031 --- [io-28852-exec-2] m.m.a.RequestResponseBodyMethodProcessor : Read "application/json;charset=UTF-8" to []
2022-07-25 01:46:35.243 DEBUG 85031 --- [io-28852-exec-2] m.m.a.RequestResponseBodyMethodProcessor : Using 'application/vnd.spring-boot.actuator.v3+json', given [*/*] and supported [application/vnd.spring-boot.actuator.v3+json, application/vnd.spring-boot.actuator.v2+json, application/json]
2022-07-25 01:46:35.243 DEBUG 85031 --- [io-28852-exec-2] m.m.a.RequestResponseBodyMethodProcessor : Writing [{message=Shutting down, bye...}]
2022-07-25 01:46:35.245 DEBUG 85031 --- [io-28852-exec-2] o.s.web.servlet.DispatcherServlet        : Completed 200 OK
2022-07-25 01:46:35.800  INFO 85031 --- [     Thread-336] j.LocalContainerEntityManagerFactoryBean : Closing JPA EntityManagerFactory for persistence unit 'default'
2022-07-25 01:46:35.802  INFO 85031 --- [     Thread-336] o.s.s.concurrent.ThreadPoolTaskExecutor  : Shutting down ExecutorService 'applicationTaskExecutor'
2022-07-25 01:46:35.804  INFO 85031 --- [     Thread-336] com.zaxxer.hikari.HikariDataSource       : HikariPool-1 - Shutdown initiated...
2022-07-25 01:46:36.244  INFO 85031 --- [     Thread-336] com.zaxxer.hikari.HikariDataSource       : HikariPool-1 - Shutdown completed.

  .   ____          _            __ _ _
 /\\ / ___'_ __ _ _(_)_ __  __ _ \ \ \ \
( ( )\___ | '_ | '_| | '_ \/ _` | \ \ \ \
 \\/  ___)| |_)| | | | | || (_| |  ) ) ) )
  '  |____| .__|_| |_|_| |_\__, | / / / /
 =========|_|==============|___/=/_/_/_/
 :: Spring Boot ::        (v2.3.1.RELEASE)

2022-07-25 01:46:36.295  INFO 85031 --- [    Test worker] account.AccountServiceApplication        : Starting AccountServiceApplication on LenovoPc with PID 85031 (started by muy in /home/muy/IdeaProjects/Account Service/Account Service/task)
2022-07-25 01:46:36.296  INFO 85031 --- [    Test worker] account.AccountServiceApplication        : No active profile set, falling back to default profiles: default
2022-07-25 01:46:36.718  INFO 85031 --- [    Test worker] .s.d.r.c.RepositoryConfigurationDelegate : Bootstrapping Spring Data JPA repositories in DEFERRED mode.
2022-07-25 01:46:36.730  INFO 85031 --- [    Test worker] .s.d.r.c.RepositoryConfigurationDelegate : Finished Spring Data repository scanning in 11ms. Found 4 JPA repository interfaces.
2022-07-25 01:46:36.846  INFO 85031 --- [    Test worker] trationDelegate$BeanPostProcessorChecker : Bean 'org.springframework.security.access.expression.method.DefaultMethodSecurityExpressionHandler@4056cdb2' of type [org.springframework.security.access.expression.method.DefaultMethodSecurityExpressionHandler] is not eligible for getting processed by all BeanPostProcessors (for example: not eligible for auto-proxying)
2022-07-25 01:46:36.850  INFO 85031 --- [    Test worker] trationDelegate$BeanPostProcessorChecker : Bean 'methodSecurityMetadataSource' of type [org.springframework.security.access.method.DelegatingMethodSecurityMetadataSource] is not eligible for getting processed by all BeanPostProcessors (for example: not eligible for auto-proxying)
2022-07-25 01:46:36.928  INFO 85031 --- [    Test worker] o.s.b.w.embedded.tomcat.TomcatWebServer  : Tomcat initialized with port(s): 28852 (http)
2022-07-25 01:46:36.929  INFO 85031 --- [    Test worker] o.apache.catalina.core.StandardService   : Starting service [Tomcat]
2022-07-25 01:46:36.930  INFO 85031 --- [    Test worker] org.apache.catalina.core.StandardEngine  : Starting Servlet engine: [Apache Tomcat/9.0.36]
2022-07-25 01:46:36.953  INFO 85031 --- [    Test worker] o.a.c.c.C.[Tomcat].[localhost].[/]       : Initializing Spring embedded WebApplicationContext
2022-07-25 01:46:36.953  INFO 85031 --- [    Test worker] w.s.c.ServletWebServerApplicationContext : Root WebApplicationContext: initialization completed in 655 ms
2022-07-25 01:46:37.024  INFO 85031 --- [    Test worker] com.zaxxer.hikari.HikariDataSource       : HikariPool-2 - Starting...
2022-07-25 01:46:37.041  INFO 85031 --- [    Test worker] com.zaxxer.hikari.HikariDataSource       : HikariPool-2 - Start completed.
2022-07-25 01:46:37.041  INFO 85031 --- [    Test worker] o.s.b.a.h2.H2ConsoleAutoConfiguration    : H2 console available at '/h2-console'. Database available at 'jdbc:h2:file:../service_db'
2022-07-25 01:46:37.119  INFO 85031 --- [    Test worker] o.s.s.concurrent.ThreadPoolTaskExecutor  : Initializing ExecutorService 'applicationTaskExecutor'
2022-07-25 01:46:37.174  WARN 85031 --- [    Test worker] JpaBaseConfiguration$JpaWebConfiguration : spring.jpa.open-in-view is enabled by default. Therefore, database queries may be performed during view rendering. Explicitly configure spring.jpa.open-in-view to disable this warning
2022-07-25 01:46:37.330  INFO 85031 --- [         task-1] j.LocalContainerEntityManagerFactoryBean : Initialized JPA EntityManagerFactory for persistence unit 'default'
2022-07-25 01:46:37.369 ERROR 85031 --- [    Test worker] o.h.engine.jdbc.spi.SqlExceptionHelper   : Unique index or primary key violation: "PUBLIC.UK_8SEWWNPAMNGI6B1DWAA88ASKK_INDEX_2 ON PUBLIC.ROLE(NAME) VALUES 1"; SQL statement:
insert into role (administrative, business, name, id) values (?, ?, ?, ?) [23505-200]
2022-07-25 01:46:37.400  INFO 85031 --- [    Test worker] o.s.s.web.DefaultSecurityFilterChain     : Creating filter chain: Ant [pattern='/h2-console/**'], []
2022-07-25 01:46:37.411  INFO 85031 --- [    Test worker] o.s.s.web.DefaultSecurityFilterChain     : Creating filter chain: any request, [org.springframework.security.web.context.request.async.WebAsyncManagerIntegrationFilter@3c205259, org.springframework.security.web.context.SecurityContextPersistenceFilter@694f0655, org.springframework.security.web.header.HeaderWriterFilter@18ffc008, org.springframework.security.web.authentication.logout.LogoutFilter@4d7f9b33, org.springframework.security.web.authentication.www.BasicAuthenticationFilter@782e0844, org.springframework.security.web.savedrequest.RequestCacheAwareFilter@3b11deb6, org.springframework.security.web.servletapi.SecurityContextHolderAwareRequestFilter@5d08a65c, org.springframework.security.web.authentication.AnonymousAuthenticationFilter@5bc40f5d, org.springframework.security.web.session.SessionManagementFilter@4678ec43, org.springframework.security.web.access.ExceptionTranslationFilter@70044113, org.springframework.security.web.access.intercept.FilterSecurityInterceptor@205b73d8]
2022-07-25 01:46:37.469 DEBUG 85031 --- [    Test worker] s.w.s.m.m.a.RequestMappingHandlerAdapter : ControllerAdvice beans: 0 @ModelAttribute, 0 @InitBinder, 1 RequestBodyAdvice, 1 ResponseBodyAdvice
2022-07-25 01:46:37.485 DEBUG 85031 --- [    Test worker] s.w.s.m.m.a.RequestMappingHandlerMapping : 12 mappings in 'requestMappingHandlerMapping'
2022-07-25 01:46:37.503 DEBUG 85031 --- [    Test worker] o.s.w.s.handler.SimpleUrlHandlerMapping  : Patterns [/webjars/**, /**] in 'resourceHandlerMapping'
2022-07-25 01:46:37.514 DEBUG 85031 --- [    Test worker] .m.m.a.ExceptionHandlerExceptionResolver : ControllerAdvice beans: 1 @ExceptionHandler, 1 ResponseBodyAdvice
2022-07-25 01:46:37.664  INFO 85031 --- [    Test worker] o.s.b.a.e.web.EndpointLinksResolver      : Exposing 14 endpoint(s) beneath base path '/actuator'
2022-07-25 01:46:37.695  INFO 85031 --- [    Test worker] o.s.b.w.embedded.tomcat.TomcatWebServer  : Tomcat started on port(s): 28852 (http) with context path ''
2022-07-25 01:46:37.696  INFO 85031 --- [    Test worker] DeferredRepositoryInitializationListener : Triggering deferred initialization of Spring Data repositories…
2022-07-25 01:46:37.772  INFO 85031 --- [    Test worker] DeferredRepositoryInitializationListener : Spring Data repositories initialized!
2022-07-25 01:46:37.782  INFO 85031 --- [    Test worker] account.AccountServiceApplication        : Started AccountServiceApplication in 1.509 seconds (JVM running for 16.217)
?[1;31m
Start test 21?[0m
2022-07-25 01:46:37.788  INFO 85031 --- [io-28852-exec-1] o.a.c.c.C.[Tomcat].[localhost].[/]       : Initializing Spring DispatcherServlet 'dispatcherServlet'
2022-07-25 01:46:37.789  INFO 85031 --- [io-28852-exec-1] o.s.web.servlet.DispatcherServlet        : Initializing Servlet 'dispatcherServlet'
2022-07-25 01:46:37.789 DEBUG 85031 --- [io-28852-exec-1] o.s.web.servlet.DispatcherServlet        : Detected StandardServletMultipartResolver
2022-07-25 01:46:37.793 DEBUG 85031 --- [io-28852-exec-1] o.s.web.servlet.DispatcherServlet        : enableLoggingRequestDetails='false': request parameters and headers will be masked to prevent unsafe logging of potentially sensitive data
2022-07-25 01:46:37.793  INFO 85031 --- [io-28852-exec-1] o.s.web.servlet.DispatcherServlet        : Completed initialization in 4 ms
2022-07-25 01:46:38.010 DEBUG 85031 --- [io-28852-exec-1] o.s.web.servlet.DispatcherServlet        : GET "/api/empl/payment", parameters={}
2022-07-25 01:46:38.012 DEBUG 85031 --- [io-28852-exec-1] s.w.s.m.m.a.RequestMappingHandlerMapping : Mapped to account.presentation.UserController#getByFilter(UserDetails, String)
2022-07-25 01:46:38.023 DEBUG 85031 --- [io-28852-exec-1] o.s.w.s.m.m.a.HttpEntityMethodProcessor  : Using 'application/json', given [*/*] and supported [application/json, application/*+json, application/json, application/*+json]
2022-07-25 01:46:38.024 DEBUG 85031 --- [io-28852-exec-1] o.s.w.s.m.m.a.HttpEntityMethodProcessor  : Writing [[]]
2022-07-25 01:46:38.025 DEBUG 85031 --- [io-28852-exec-1] o.s.web.servlet.DispatcherServlet        : Completed 200 OK
?[1;31m
Start test 22?[0m
2022-07-25 01:46:38.139 DEBUG 85031 --- [io-28852-exec-2] o.s.web.servlet.DispatcherServlet        : PUT "/api/admin/user/role", parameters={}
2022-07-25 01:46:38.140 DEBUG 85031 --- [io-28852-exec-2] s.w.s.m.m.a.RequestMappingHandlerMapping : Mapped to account.presentation.AdminController#changeRole(Map, UserDetailsImpl)
2022-07-25 01:46:38.143 DEBUG 85031 --- [io-28852-exec-2] m.m.a.RequestResponseBodyMethodProcessor : Read "application/json;charset=UTF-8" to [{user=JohnDoe@acme.com, operation=GRANT, role=AUDITOR}]
2022-07-25 01:46:38.154 DEBUG 85031 --- [io-28852-exec-2] .w.s.m.a.ResponseStatusExceptionResolver : Resolved [org.springframework.web.server.ResponseStatusException: 400 BAD_REQUEST "The user cannot combine administrative and business roles!"]
2022-07-25 01:46:38.154 DEBUG 85031 --- [io-28852-exec-2] o.s.web.servlet.DispatcherServlet        : Completed 400 BAD_REQUEST
2022-07-25 01:46:38.156 DEBUG 85031 --- [io-28852-exec-2] o.s.web.servlet.DispatcherServlet        : "ERROR" dispatch for PUT "/error", parameters={}
2022-07-25 01:46:38.157 DEBUG 85031 --- [io-28852-exec-2] s.w.s.m.m.a.RequestMappingHandlerMapping : Mapped to org.springframework.boot.autoconfigure.web.servlet.error.BasicErrorController#error(HttpServletRequest)
2022-07-25 01:46:38.158 DEBUG 85031 --- [io-28852-exec-2] o.s.w.s.m.m.a.HttpEntityMethodProcessor  : Using 'application/json', given [*/*] and supported [application/json, application/*+json, application/json, application/*+json]
2022-07-25 01:46:38.159 DEBUG 85031 --- [io-28852-exec-2] o.s.w.s.m.m.a.HttpEntityMethodProcessor  : Writing [{timestamp=Mon Jul 25 01:46:38 WAT 2022, status=400, error=Bad Request, message=The user cannot comb (truncated)...]
2022-07-25 01:46:38.161 DEBUG 85031 --- [io-28852-exec-2] o.s.web.servlet.DispatcherServlet        : Exiting from "ERROR" dispatch, status 400
?[1;31m
Start test 23?[0m
2022-07-25 01:46:38.270 DEBUG 85031 --- [io-28852-exec-3] o.s.web.servlet.DispatcherServlet        : PUT "/api/admin/user/role", parameters={}
2022-07-25 01:46:38.271 DEBUG 85031 --- [io-28852-exec-3] s.w.s.m.m.a.RequestMappingHandlerMapping : Mapped to account.presentation.AdminController#changeRole(Map, UserDetailsImpl)
2022-07-25 01:46:38.272 DEBUG 85031 --- [io-28852-exec-3] m.m.a.RequestResponseBodyMethodProcessor : Read "application/json;charset=UTF-8" to [{user=PetrPetrov@acme.com, operation=GRANT, role=ACCOUNTANT}]
2022-07-25 01:46:38.287 DEBUG 85031 --- [io-28852-exec-3] m.m.a.RequestResponseBodyMethodProcessor : Using 'application/json', given [*/*] and supported [application/json, application/*+json, application/json, application/*+json]
2022-07-25 01:46:38.288 DEBUG 85031 --- [io-28852-exec-3] m.m.a.RequestResponseBodyMethodProcessor : Writing [account.presentation.UserDTO@1851c1b9]
2022-07-25 01:46:38.290 DEBUG 85031 --- [io-28852-exec-3] o.s.web.servlet.DispatcherServlet        : Completed 200 OK
?[1;31m
Start test 24?[0m
2022-07-25 01:46:38.399 DEBUG 85031 --- [io-28852-exec-4] o.s.web.servlet.DispatcherServlet        : GET "/api/security/events/", parameters={}
2022-07-25 01:46:38.400 DEBUG 85031 --- [io-28852-exec-4] s.w.s.m.m.a.RequestMappingHandlerMapping : Mapped to account.presentation.UserController#getAllLogs(UserDetails, String)
2022-07-25 01:46:38.407 DEBUG 85031 --- [io-28852-exec-4] o.s.w.s.m.m.a.HttpEntityMethodProcessor  : Using 'application/json', given [*/*] and supported [application/json, application/*+json, application/json, application/*+json]
2022-07-25 01:46:38.408 DEBUG 85031 --- [io-28852-exec-4] o.s.w.s.m.m.a.HttpEntityMethodProcessor  : Writing [[account.business.Log@67346d37, account.business.Log@35df5d0e, account.business.Log@4c17634f, accoun (truncated)...]
2022-07-25 01:46:38.411 DEBUG 85031 --- [io-28852-exec-4] o.s.web.servlet.DispatcherServlet        : Completed 200 OK
?[1;31m
Start test 25?[0m
2022-07-25 01:46:38.522 DEBUG 85031 --- [io-28852-exec-5] o.s.web.servlet.DispatcherServlet        : PUT "/api/admin/user/role", parameters={}
2022-07-25 01:46:38.523 DEBUG 85031 --- [io-28852-exec-5] s.w.s.m.m.a.RequestMappingHandlerMapping : Mapped to account.presentation.AdminController#changeRole(Map, UserDetailsImpl)
2022-07-25 01:46:38.525 DEBUG 85031 --- [io-28852-exec-5] m.m.a.RequestResponseBodyMethodProcessor : Read "application/json;charset=UTF-8" to [{user=PetrPetrov@acme.com, operation=REMOVE, role=ACCOUNTANT}]
2022-07-25 01:46:38.534 DEBUG 85031 --- [io-28852-exec-5] m.m.a.RequestResponseBodyMethodProcessor : Using 'application/json', given [*/*] and supported [application/json, application/*+json, application/json, application/*+json]
2022-07-25 01:46:38.534 DEBUG 85031 --- [io-28852-exec-5] m.m.a.RequestResponseBodyMethodProcessor : Writing [account.presentation.UserDTO@2d073e15]
2022-07-25 01:46:38.536 DEBUG 85031 --- [io-28852-exec-5] o.s.web.servlet.DispatcherServlet        : Completed 200 OK
?[1;31m
Start test 26?[0m
2022-07-25 01:46:38.645 DEBUG 85031 --- [io-28852-exec-6] o.s.web.servlet.DispatcherServlet        : GET "/api/security/events/", parameters={}
2022-07-25 01:46:38.646 DEBUG 85031 --- [io-28852-exec-6] s.w.s.m.m.a.RequestMappingHandlerMapping : Mapped to account.presentation.UserController#getAllLogs(UserDetails, String)
2022-07-25 01:46:38.650 DEBUG 85031 --- [io-28852-exec-6] o.s.w.s.m.m.a.HttpEntityMethodProcessor  : Using 'application/json', given [*/*] and supported [application/json, application/*+json, application/json, application/*+json]
2022-07-25 01:46:38.651 DEBUG 85031 --- [io-28852-exec-6] o.s.w.s.m.m.a.HttpEntityMethodProcessor  : Writing [[account.business.Log@7744cdc0, account.business.Log@611591f0, account.business.Log@3308486a, accoun (truncated)...]
2022-07-25 01:46:38.653 DEBUG 85031 --- [io-28852-exec-6] o.s.web.servlet.DispatcherServlet        : Completed 200 OK
?[1;31m
Start test 27?[0m
2022-07-25 01:46:38.762 DEBUG 85031 --- [io-28852-exec-7] o.s.web.servlet.DispatcherServlet        : DELETE "/api/admin/user/petrpetrov@acme.com", parameters={}
2022-07-25 01:46:38.763 DEBUG 85031 --- [io-28852-exec-7] s.w.s.m.m.a.RequestMappingHandlerMapping : Mapped to account.presentation.AdminController#deleteUser(UserDetailsImpl, String)
2022-07-25 01:46:38.781 DEBUG 85031 --- [io-28852-exec-7] m.m.a.RequestResponseBodyMethodProcessor : Using 'application/json', given [*/*] and supported [application/json, application/*+json, application/json, application/*+json]
2022-07-25 01:46:38.782 DEBUG 85031 --- [io-28852-exec-7] m.m.a.RequestResponseBodyMethodProcessor : Writing [{status=Deleted successfully!, user=petrpetrov@acme.com}]
2022-07-25 01:46:38.799 DEBUG 85031 --- [io-28852-exec-7] o.s.web.servlet.DispatcherServlet        : Completed 200 OK
?[1;31m
Start test 28?[0m
2022-07-25 01:46:38.915 DEBUG 85031 --- [io-28852-exec-8] o.s.web.servlet.DispatcherServlet        : GET "/api/security/events/", parameters={}
2022-07-25 01:46:38.915 DEBUG 85031 --- [io-28852-exec-8] s.w.s.m.m.a.RequestMappingHandlerMapping : Mapped to account.presentation.UserController#getAllLogs(UserDetails, String)
2022-07-25 01:46:38.919 DEBUG 85031 --- [io-28852-exec-8] o.s.w.s.m.m.a.HttpEntityMethodProcessor  : Using 'application/json', given [*/*] and supported [application/json, application/*+json, application/json, application/*+json]
2022-07-25 01:46:38.919 DEBUG 85031 --- [io-28852-exec-8] o.s.w.s.m.m.a.HttpEntityMethodProcessor  : Writing [[account.business.Log@72865a82, account.business.Log@74dd33be, account.business.Log@6bde6f6b, accoun (truncated)...]
2022-07-25 01:46:38.921 DEBUG 85031 --- [io-28852-exec-8] o.s.web.servlet.DispatcherServlet        : Completed 200 OK
?[1;31m
Start test 29?[0m
2022-07-25 01:46:39.024 DEBUG 85031 --- [io-28852-exec-5] o.s.web.servlet.DispatcherServlet        : POST "/api/auth/changepass", parameters={}
2022-07-25 01:46:39.025 DEBUG 85031 --- [io-28852-exec-5] s.w.s.m.m.a.RequestMappingHandlerMapping : Mapped to account.presentation.RegistrationController#changePass(UserDetailsImpl, Map)
2022-07-25 01:46:39.027 DEBUG 85031 --- [io-28852-exec-5] m.m.a.RequestResponseBodyMethodProcessor : Read "application/json;charset=UTF-8" to [{new_password=aNob5VvqzRtb}]
2022-07-25 01:46:39.233 DEBUG 85031 --- [io-28852-exec-5] m.m.a.RequestResponseBodyMethodProcessor : Using 'application/json', given [*/*] and supported [application/json, application/*+json, application/json, application/*+json]
2022-07-25 01:46:39.234 DEBUG 85031 --- [io-28852-exec-5] m.m.a.RequestResponseBodyMethodProcessor : Writing [{status=The password has been updated successfully, email=johndoe@acme.com}]
2022-07-25 01:46:39.235 DEBUG 85031 --- [io-28852-exec-5] o.s.web.servlet.DispatcherServlet        : Completed 200 OK
?[1;31m
Start test 30?[0m
2022-07-25 01:46:39.338 DEBUG 85031 --- [io-28852-exec-6] o.s.web.servlet.DispatcherServlet        : GET "/api/security/events/", parameters={}
2022-07-25 01:46:39.339 DEBUG 85031 --- [io-28852-exec-6] s.w.s.m.m.a.RequestMappingHandlerMapping : Mapped to account.presentation.UserController#getAllLogs(UserDetails, String)
2022-07-25 01:46:39.343 DEBUG 85031 --- [io-28852-exec-6] o.s.w.s.m.m.a.HttpEntityMethodProcessor  : Using 'application/json', given [*/*] and supported [application/json, application/*+json, application/json, application/*+json]
2022-07-25 01:46:39.343 DEBUG 85031 --- [io-28852-exec-6] o.s.w.s.m.m.a.HttpEntityMethodProcessor  : Writing [[account.business.Log@47fbd99f, account.business.Log@40998384, account.business.Log@7ea09093, accoun (truncated)...]
2022-07-25 01:46:39.345 DEBUG 85031 --- [io-28852-exec-6] o.s.web.servlet.DispatcherServlet        : Completed 200 OK
?[1;31m
Start test 31?[0m
2022-07-25 01:46:39.449 DEBUG 85031 --- [io-28852-exec-7] o.s.web.servlet.DispatcherServlet        : "ERROR" dispatch for PUT "/error", parameters={}
2022-07-25 01:46:39.450 DEBUG 85031 --- [io-28852-exec-7] s.w.s.m.m.a.RequestMappingHandlerMapping : Mapped to org.springframework.boot.autoconfigure.web.servlet.error.BasicErrorController#error(HttpServletRequest)
2022-07-25 01:46:39.451 DEBUG 85031 --- [io-28852-exec-7] o.s.w.s.m.m.a.HttpEntityMethodProcessor  : Using 'application/json', given [*/*] and supported [application/json, application/*+json, application/json, application/*+json]
2022-07-25 01:46:39.452 DEBUG 85031 --- [io-28852-exec-7] o.s.w.s.m.m.a.HttpEntityMethodProcessor  : Writing [{timestamp=Mon Jul 25 01:46:39 WAT 2022, status=403, error=Forbidden, message=Access Denied!, path=/ (truncated)...]
2022-07-25 01:46:39.453 DEBUG 85031 --- [io-28852-exec-7] o.s.web.servlet.DispatcherServlet        : Exiting from "ERROR" dispatch, status 403
?[1;31m
Start test 32?[0m
2022-07-25 01:46:39.556 DEBUG 85031 --- [io-28852-exec-9] o.s.web.servlet.DispatcherServlet        : GET "/api/security/events/", parameters={}
2022-07-25 01:46:39.557 DEBUG 85031 --- [io-28852-exec-9] s.w.s.m.m.a.RequestMappingHandlerMapping : Mapped to account.presentation.UserController#getAllLogs(UserDetails, String)
2022-07-25 01:46:39.562 DEBUG 85031 --- [io-28852-exec-9] o.s.w.s.m.m.a.HttpEntityMethodProcessor  : Using 'application/json', given [*/*] and supported [application/json, application/*+json, application/json, application/*+json]
2022-07-25 01:46:39.562 DEBUG 85031 --- [io-28852-exec-9] o.s.w.s.m.m.a.HttpEntityMethodProcessor  : Writing [[account.business.Log@6c4ed442, account.business.Log@71fd22e, account.business.Log@3975dd71, account (truncated)...]
2022-07-25 01:46:39.565 DEBUG 85031 --- [io-28852-exec-9] o.s.web.servlet.DispatcherServlet        : Completed 200 OK
?[1;31m
Start test 33?[0m
2022-07-25 01:46:39.681 DEBUG 85031 --- [o-28852-exec-10] o.s.web.servlet.DispatcherServlet        : "ERROR" dispatch for GET "/error", parameters={}
2022-07-25 01:46:39.682 DEBUG 85031 --- [o-28852-exec-10] s.w.s.m.m.a.RequestMappingHandlerMapping : Mapped to org.springframework.boot.autoconfigure.web.servlet.error.BasicErrorController#error(HttpServletRequest)
2022-07-25 01:46:39.683 DEBUG 85031 --- [o-28852-exec-10] o.s.w.s.m.m.a.HttpEntityMethodProcessor  : Using 'application/json', given [*/*] and supported [application/json, application/*+json, application/json, application/*+json]
2022-07-25 01:46:39.683 DEBUG 85031 --- [o-28852-exec-10] o.s.w.s.m.m.a.HttpEntityMethodProcessor  : Writing [{timestamp=Mon Jul 25 01:46:39 WAT 2022, status=403, error=Forbidden, message=Access Denied!, path=/ (truncated)...]
2022-07-25 01:46:39.686 DEBUG 85031 --- [o-28852-exec-10] o.s.web.servlet.DispatcherServlet        : Exiting from "ERROR" dispatch, status 403
?[1;31m
Start test 34?[0m
2022-07-25 01:46:39.794 DEBUG 85031 --- [io-28852-exec-1] o.s.web.servlet.DispatcherServlet        : GET "/api/security/events/", parameters={}
2022-07-25 01:46:39.795 DEBUG 85031 --- [io-28852-exec-1] s.w.s.m.m.a.RequestMappingHandlerMapping : Mapped to account.presentation.UserController#getAllLogs(UserDetails, String)
2022-07-25 01:46:39.799 DEBUG 85031 --- [io-28852-exec-1] o.s.w.s.m.m.a.HttpEntityMethodProcessor  : Using 'application/json', given [*/*] and supported [application/json, application/*+json, application/json, application/*+json]
2022-07-25 01:46:39.800 DEBUG 85031 --- [io-28852-exec-1] o.s.w.s.m.m.a.HttpEntityMethodProcessor  : Writing [[account.business.Log@40bf9c75, account.business.Log@671f997b, account.business.Log@19959f41, accoun (truncated)...]
2022-07-25 01:46:39.802 DEBUG 85031 --- [io-28852-exec-1] o.s.web.servlet.DispatcherServlet        : Completed 200 OK
?[1;31m
Start test 35?[0m
2022-07-25 01:46:39.911 DEBUG 85031 --- [io-28852-exec-2] o.s.web.servlet.DispatcherServlet        : "ERROR" dispatch for DELETE "/error", parameters={}
2022-07-25 01:46:39.913 DEBUG 85031 --- [io-28852-exec-2] s.w.s.m.m.a.RequestMappingHandlerMapping : Mapped to org.springframework.boot.autoconfigure.web.servlet.error.BasicErrorController#error(HttpServletRequest)
2022-07-25 01:46:39.914 DEBUG 85031 --- [io-28852-exec-2] o.s.w.s.m.m.a.HttpEntityMethodProcessor  : Using 'application/json', given [*/*] and supported [application/json, application/*+json, application/json, application/*+json]
2022-07-25 01:46:39.914 DEBUG 85031 --- [io-28852-exec-2] o.s.w.s.m.m.a.HttpEntityMethodProcessor  : Writing [{timestamp=Mon Jul 25 01:46:39 WAT 2022, status=403, error=Forbidden, message=Access Denied!, path=/ (truncated)...]
2022-07-25 01:46:39.915 DEBUG 85031 --- [io-28852-exec-2] o.s.web.servlet.DispatcherServlet        : Exiting from "ERROR" dispatch, status 403
?[1;31m
Start test 36?[0m
2022-07-25 01:46:40.017 DEBUG 85031 --- [io-28852-exec-3] o.s.web.servlet.DispatcherServlet        : GET "/api/security/events/", parameters={}
2022-07-25 01:46:40.018 DEBUG 85031 --- [io-28852-exec-3] s.w.s.m.m.a.RequestMappingHandlerMapping : Mapped to account.presentation.UserController#getAllLogs(UserDetails, String)
2022-07-25 01:46:40.021 DEBUG 85031 --- [io-28852-exec-3] o.s.w.s.m.m.a.HttpEntityMethodProcessor  : Using 'application/json', given [*/*] and supported [application/json, application/*+json, application/json, application/*+json]
2022-07-25 01:46:40.022 DEBUG 85031 --- [io-28852-exec-3] o.s.w.s.m.m.a.HttpEntityMethodProcessor  : Writing [[account.business.Log@6c6be81a, account.business.Log@1ba4a470, account.business.Log@367c4e71, accoun (truncated)...]
2022-07-25 01:46:40.023 DEBUG 85031 --- [io-28852-exec-3] o.s.web.servlet.DispatcherServlet        : Completed 200 OK
?[1;31m
Start test 37?[0m
2022-07-25 01:46:40.126 DEBUG 85031 --- [io-28852-exec-4] o.s.web.servlet.DispatcherServlet        : "ERROR" dispatch for POST "/error", parameters={}
2022-07-25 01:46:40.127 DEBUG 85031 --- [io-28852-exec-4] s.w.s.m.m.a.RequestMappingHandlerMapping : Mapped to org.springframework.boot.autoconfigure.web.servlet.error.BasicErrorController#error(HttpServletRequest)
2022-07-25 01:46:40.128 DEBUG 85031 --- [io-28852-exec-4] o.s.w.s.m.m.a.HttpEntityMethodProcessor  : Using 'application/json', given [*/*] and supported [application/json, application/*+json, application/json, application/*+json]
2022-07-25 01:46:40.128 DEBUG 85031 --- [io-28852-exec-4] o.s.w.s.m.m.a.HttpEntityMethodProcessor  : Writing [{timestamp=Mon Jul 25 01:46:40 WAT 2022, status=403, error=Forbidden, message=Access Denied!, path=/ (truncated)...]
2022-07-25 01:46:40.129 DEBUG 85031 --- [io-28852-exec-4] o.s.web.servlet.DispatcherServlet        : Exiting from "ERROR" dispatch, status 403
?[1;31m
Start test 38?[0m
2022-07-25 01:46:40.230 DEBUG 85031 --- [io-28852-exec-8] o.s.web.servlet.DispatcherServlet        : GET "/api/security/events/", parameters={}
2022-07-25 01:46:40.231 DEBUG 85031 --- [io-28852-exec-8] s.w.s.m.m.a.RequestMappingHandlerMapping : Mapped to account.presentation.UserController#getAllLogs(UserDetails, String)
2022-07-25 01:46:40.237 DEBUG 85031 --- [io-28852-exec-8] o.s.w.s.m.m.a.HttpEntityMethodProcessor  : Using 'application/json', given [*/*] and supported [application/json, application/*+json, application/json, application/*+json]
2022-07-25 01:46:40.237 DEBUG 85031 --- [io-28852-exec-8] o.s.w.s.m.m.a.HttpEntityMethodProcessor  : Writing [[account.business.Log@5aa9f223, account.business.Log@330ca42d, account.business.Log@cb609f9, account (truncated)...]
2022-07-25 01:46:40.240 DEBUG 85031 --- [io-28852-exec-8] o.s.web.servlet.DispatcherServlet        : Completed 200 OK
?[1;31m
Start test 39?[0m
2022-07-25 01:46:40.345 DEBUG 85031 --- [io-28852-exec-5] o.s.web.servlet.DispatcherServlet        : "ERROR" dispatch for POST "/error", parameters={}
2022-07-25 01:46:40.345 DEBUG 85031 --- [io-28852-exec-5] s.w.s.m.m.a.RequestMappingHandlerMapping : Mapped to org.springframework.boot.autoconfigure.web.servlet.error.BasicErrorController#error(HttpServletRequest)
2022-07-25 01:46:40.346 DEBUG 85031 --- [io-28852-exec-5] o.s.w.s.m.m.a.HttpEntityMethodProcessor  : Using 'application/json', given [*/*] and supported [application/json, application/*+json, application/json, application/*+json]
2022-07-25 01:46:40.347 DEBUG 85031 --- [io-28852-exec-5] o.s.w.s.m.m.a.HttpEntityMethodProcessor  : Writing [{timestamp=Mon Jul 25 01:46:40 WAT 2022, status=403, error=Forbidden, message=Access Denied!, path=/ (truncated)...]
2022-07-25 01:46:40.348 DEBUG 85031 --- [io-28852-exec-5] o.s.web.servlet.DispatcherServlet        : Exiting from "ERROR" dispatch, status 403
?[1;31m
Start test 40?[0m
2022-07-25 01:46:40.450 DEBUG 85031 --- [io-28852-exec-6] o.s.web.servlet.DispatcherServlet        : GET "/api/security/events/", parameters={}
2022-07-25 01:46:40.450 DEBUG 85031 --- [io-28852-exec-6] s.w.s.m.m.a.RequestMappingHandlerMapping : Mapped to account.presentation.UserController#getAllLogs(UserDetails, String)
2022-07-25 01:46:40.455 DEBUG 85031 --- [io-28852-exec-6] o.s.w.s.m.m.a.HttpEntityMethodProcessor  : Using 'application/json', given [*/*] and supported [application/json, application/*+json, application/json, application/*+json]
2022-07-25 01:46:40.455 DEBUG 85031 --- [io-28852-exec-6] o.s.w.s.m.m.a.HttpEntityMethodProcessor  : Writing [[account.business.Log@3dd08a6d, account.business.Log@7f4898f0, account.business.Log@5a5c9a39, accoun (truncated)...]
2022-07-25 01:46:40.457 DEBUG 85031 --- [io-28852-exec-6] o.s.web.servlet.DispatcherServlet        : Completed 200 OK
?[1;31m
Start test 41?[0m
2022-07-25 01:46:40.561 DEBUG 85031 --- [io-28852-exec-7] o.s.web.servlet.DispatcherServlet        : "ERROR" dispatch for GET "/error", parameters={}
2022-07-25 01:46:40.562 DEBUG 85031 --- [io-28852-exec-7] s.w.s.m.m.a.RequestMappingHandlerMapping : Mapped to org.springframework.boot.autoconfigure.web.servlet.error.BasicErrorController#error(HttpServletRequest)
2022-07-25 01:46:40.563 DEBUG 85031 --- [io-28852-exec-7] o.s.w.s.m.m.a.HttpEntityMethodProcessor  : Using 'application/json', given [*/*] and supported [application/json, application/*+json, application/json, application/*+json]
2022-07-25 01:46:40.563 DEBUG 85031 --- [io-28852-exec-7] o.s.w.s.m.m.a.HttpEntityMethodProcessor  : Writing [{timestamp=Mon Jul 25 01:46:40 WAT 2022, status=403, error=Forbidden, message=Access Denied!, path=/ (truncated)...]
2022-07-25 01:46:40.564 DEBUG 85031 --- [io-28852-exec-7] o.s.web.servlet.DispatcherServlet        : Exiting from "ERROR" dispatch, status 403
?[1;31m
Start test 42?[0m
2022-07-25 01:46:40.687 DEBUG 85031 --- [io-28852-exec-9] o.s.web.servlet.DispatcherServlet        : GET "/api/security/events/", parameters={}
2022-07-25 01:46:40.688 DEBUG 85031 --- [io-28852-exec-9] s.w.s.m.m.a.RequestMappingHandlerMapping : Mapped to account.presentation.UserController#getAllLogs(UserDetails, String)
2022-07-25 01:46:40.691 DEBUG 85031 --- [io-28852-exec-9] o.s.w.s.m.m.a.HttpEntityMethodProcessor  : Using 'application/json', given [*/*] and supported [application/json, application/*+json, application/json, application/*+json]
2022-07-25 01:46:40.691 DEBUG 85031 --- [io-28852-exec-9] o.s.w.s.m.m.a.HttpEntityMethodProcessor  : Writing [[account.business.Log@89688c5, account.business.Log@569ed50e, account.business.Log@78b6166f, account (truncated)...]
2022-07-25 01:46:40.694 DEBUG 85031 --- [io-28852-exec-9] o.s.web.servlet.DispatcherServlet        : Completed 200 OK
?[1;31m
Start test 43?[0m
2022-07-25 01:46:40.804 DEBUG 85031 --- [o-28852-exec-12] o.s.web.servlet.DispatcherServlet        : "ERROR" dispatch for GET "/error", parameters={}
2022-07-25 01:46:40.805 DEBUG 85031 --- [o-28852-exec-12] s.w.s.m.m.a.RequestMappingHandlerMapping : Mapped to org.springframework.boot.autoconfigure.web.servlet.error.BasicErrorController#error(HttpServletRequest)
2022-07-25 01:46:40.806 DEBUG 85031 --- [o-28852-exec-12] o.s.w.s.m.m.a.HttpEntityMethodProcessor  : Using 'application/json', given [*/*] and supported [application/json, application/*+json, application/json, application/*+json]
2022-07-25 01:46:40.806 DEBUG 85031 --- [o-28852-exec-12] o.s.w.s.m.m.a.HttpEntityMethodProcessor  : Writing [{timestamp=Mon Jul 25 01:46:40 WAT 2022, status=403, error=Forbidden, message=Access Denied!, path=/ (truncated)...]
2022-07-25 01:46:40.808 DEBUG 85031 --- [o-28852-exec-12] o.s.web.servlet.DispatcherServlet        : Exiting from "ERROR" dispatch, status 403
?[1;31m
Start test 44?[0m
2022-07-25 01:46:40.907 DEBUG 85031 --- [io-28852-exec-1] o.s.web.servlet.DispatcherServlet        : GET "/api/security/events/", parameters={}
2022-07-25 01:46:40.908 DEBUG 85031 --- [io-28852-exec-1] s.w.s.m.m.a.RequestMappingHandlerMapping : Mapped to account.presentation.UserController#getAllLogs(UserDetails, String)
2022-07-25 01:46:40.913 DEBUG 85031 --- [io-28852-exec-1] o.s.w.s.m.m.a.HttpEntityMethodProcessor  : Using 'application/json', given [*/*] and supported [application/json, application/*+json, application/json, application/*+json]
2022-07-25 01:46:40.913 DEBUG 85031 --- [io-28852-exec-1] o.s.w.s.m.m.a.HttpEntityMethodProcessor  : Writing [[account.business.Log@6bcecc19, account.business.Log@9da881, account.business.Log@2dd1c3fd, account. (truncated)...]
2022-07-25 01:46:40.916 DEBUG 85031 --- [io-28852-exec-1] o.s.web.servlet.DispatcherServlet        : Completed 200 OK
?[1;31m
Start test 45?[0m
maxmustermann@acme.com
2022-07-25 01:46:41.028 DEBUG 85031 --- [io-28852-exec-2] o.s.web.servlet.DispatcherServlet        : "ERROR" dispatch for GET "/error", parameters={}
2022-07-25 01:46:41.028 DEBUG 85031 --- [io-28852-exec-2] s.w.s.m.m.a.RequestMappingHandlerMapping : Mapped to org.springframework.boot.autoconfigure.web.servlet.error.BasicErrorController#error(HttpServletRequest)
2022-07-25 01:46:41.029 DEBUG 85031 --- [io-28852-exec-2] o.s.w.s.m.m.a.HttpEntityMethodProcessor  : Using 'application/json', given [*/*] and supported [application/json, application/*+json, application/json, application/*+json]
2022-07-25 01:46:41.030 DEBUG 85031 --- [io-28852-exec-2] o.s.w.s.m.m.a.HttpEntityMethodProcessor  : Writing [{timestamp=Mon Jul 25 01:46:41 WAT 2022, status=401, error=Unauthorized, message=Access Denied!, pat (truncated)...]
2022-07-25 01:46:41.031 DEBUG 85031 --- [io-28852-exec-2] o.s.web.servlet.DispatcherServlet        : Exiting from "ERROR" dispatch, status 401
?[1;31m
Start test 46?[0m
2022-07-25 01:46:41.129 DEBUG 85031 --- [io-28852-exec-3] o.s.web.servlet.DispatcherServlet        : GET "/api/security/events/", parameters={}
2022-07-25 01:46:41.130 DEBUG 85031 --- [io-28852-exec-3] s.w.s.m.m.a.RequestMappingHandlerMapping : Mapped to account.presentation.UserController#getAllLogs(UserDetails, String)
2022-07-25 01:46:41.134 DEBUG 85031 --- [io-28852-exec-3] o.s.w.s.m.m.a.HttpEntityMethodProcessor  : Using 'application/json', given [*/*] and supported [application/json, application/*+json, application/json, application/*+json]
2022-07-25 01:46:41.135 DEBUG 85031 --- [io-28852-exec-3] o.s.w.s.m.m.a.HttpEntityMethodProcessor  : Writing [[account.business.Log@1733773c, account.business.Log@38844505, account.business.Log@4de14723, accoun (truncated)...]
2022-07-25 01:46:41.137 DEBUG 85031 --- [io-28852-exec-3] o.s.web.servlet.DispatcherServlet        : Completed 200 OK
?[1;31m
Start test 47?[0m
maxmustermann@acme.com
2022-07-25 01:46:41.257 DEBUG 85031 --- [io-28852-exec-4] o.s.web.servlet.DispatcherServlet        : "ERROR" dispatch for GET "/error", parameters={}
2022-07-25 01:46:41.258 DEBUG 85031 --- [io-28852-exec-4] s.w.s.m.m.a.RequestMappingHandlerMapping : Mapped to org.springframework.boot.autoconfigure.web.servlet.error.BasicErrorController#error(HttpServletRequest)
2022-07-25 01:46:41.260 DEBUG 85031 --- [io-28852-exec-4] o.s.w.s.m.m.a.HttpEntityMethodProcessor  : Using 'application/json', given [*/*] and supported [application/json, application/*+json, application/json, application/*+json]
2022-07-25 01:46:41.260 DEBUG 85031 --- [io-28852-exec-4] o.s.w.s.m.m.a.HttpEntityMethodProcessor  : Writing [{timestamp=Mon Jul 25 01:46:41 WAT 2022, status=401, error=Unauthorized, message=Access Denied!, pat (truncated)...]
2022-07-25 01:46:41.262 DEBUG 85031 --- [io-28852-exec-4] o.s.web.servlet.DispatcherServlet        : Exiting from "ERROR" dispatch, status 401
?[1;31m
Start test 48?[0m
2022-07-25 01:46:41.376 DEBUG 85031 --- [io-28852-exec-8] o.s.web.servlet.DispatcherServlet        : GET "/api/security/events/", parameters={}
2022-07-25 01:46:41.376 DEBUG 85031 --- [io-28852-exec-8] s.w.s.m.m.a.RequestMappingHandlerMapping : Mapped to account.presentation.UserController#getAllLogs(UserDetails, String)
2022-07-25 01:46:41.381 DEBUG 85031 --- [io-28852-exec-8] o.s.w.s.m.m.a.HttpEntityMethodProcessor  : Using 'application/json', given [*/*] and supported [application/json, application/*+json, application/json, application/*+json]
2022-07-25 01:46:41.382 DEBUG 85031 --- [io-28852-exec-8] o.s.w.s.m.m.a.HttpEntityMethodProcessor  : Writing [[account.business.Log@7c94d49a, account.business.Log@1f8d0994, account.business.Log@879aac8, account (truncated)...]
2022-07-25 01:46:41.384 DEBUG 85031 --- [io-28852-exec-8] o.s.web.servlet.DispatcherServlet        : Completed 200 OK
?[1;31m
Start test 49?[0m
maxmustermann@acme.com
2022-07-25 01:46:41.497 DEBUG 85031 --- [io-28852-exec-5] o.s.web.servlet.DispatcherServlet        : "ERROR" dispatch for GET "/error", parameters={}
2022-07-25 01:46:41.498 DEBUG 85031 --- [io-28852-exec-5] s.w.s.m.m.a.RequestMappingHandlerMapping : Mapped to org.springframework.boot.autoconfigure.web.servlet.error.BasicErrorController#error(HttpServletRequest)
2022-07-25 01:46:41.499 DEBUG 85031 --- [io-28852-exec-5] o.s.w.s.m.m.a.HttpEntityMethodProcessor  : Using 'application/json', given [*/*] and supported [application/json, application/*+json, application/json, application/*+json]
2022-07-25 01:46:41.499 DEBUG 85031 --- [io-28852-exec-5] o.s.w.s.m.m.a.HttpEntityMethodProcessor  : Writing [{timestamp=Mon Jul 25 01:46:41 WAT 2022, status=401, error=Unauthorized, message=Access Denied!, pat (truncated)...]
2022-07-25 01:46:41.501 DEBUG 85031 --- [io-28852-exec-5] o.s.web.servlet.DispatcherServlet        : Exiting from "ERROR" dispatch, status 401
?[1;31m
Start test 50?[0m
2022-07-25 01:46:41.601 DEBUG 85031 --- [io-28852-exec-6] o.s.web.servlet.DispatcherServlet        : GET "/api/security/events/", parameters={}
2022-07-25 01:46:41.602 DEBUG 85031 --- [io-28852-exec-6] s.w.s.m.m.a.RequestMappingHandlerMapping : Mapped to account.presentation.UserController#getAllLogs(UserDetails, String)
2022-07-25 01:46:41.606 DEBUG 85031 --- [io-28852-exec-6] o.s.w.s.m.m.a.HttpEntityMethodProcessor  : Using 'application/json', given [*/*] and supported [application/json, application/*+json, application/json, application/*+json]
2022-07-25 01:46:41.607 DEBUG 85031 --- [io-28852-exec-6] o.s.w.s.m.m.a.HttpEntityMethodProcessor  : Writing [[account.business.Log@4cae4f16, account.business.Log@7804d97d, account.business.Log@bfdd32a, account (truncated)...]
2022-07-25 01:46:41.608 DEBUG 85031 --- [io-28852-exec-6] o.s.web.servlet.DispatcherServlet        : Completed 200 OK
?[1;31m
Start test 51?[0m
maxmustermann@acme.com
2022-07-25 01:46:41.724 DEBUG 85031 --- [io-28852-exec-7] o.s.web.servlet.DispatcherServlet        : "ERROR" dispatch for GET "/error", parameters={}
2022-07-25 01:46:41.725 DEBUG 85031 --- [io-28852-exec-7] s.w.s.m.m.a.RequestMappingHandlerMapping : Mapped to org.springframework.boot.autoconfigure.web.servlet.error.BasicErrorController#error(HttpServletRequest)
2022-07-25 01:46:41.727 DEBUG 85031 --- [io-28852-exec-7] o.s.w.s.m.m.a.HttpEntityMethodProcessor  : Using 'application/json', given [*/*] and supported [application/json, application/*+json, application/json, application/*+json]
2022-07-25 01:46:41.727 DEBUG 85031 --- [io-28852-exec-7] o.s.w.s.m.m.a.HttpEntityMethodProcessor  : Writing [{timestamp=Mon Jul 25 01:46:41 WAT 2022, status=401, error=Unauthorized, message=Access Denied!, pat (truncated)...]
2022-07-25 01:46:41.729 DEBUG 85031 --- [io-28852-exec-7] o.s.web.servlet.DispatcherServlet        : Exiting from "ERROR" dispatch, status 401
?[1;31m
Start test 52?[0m
2022-07-25 01:46:41.835 DEBUG 85031 --- [o-28852-exec-10] o.s.web.servlet.DispatcherServlet        : GET "/api/security/events/", parameters={}
2022-07-25 01:46:41.836 DEBUG 85031 --- [o-28852-exec-10] s.w.s.m.m.a.RequestMappingHandlerMapping : Mapped to account.presentation.UserController#getAllLogs(UserDetails, String)
2022-07-25 01:46:41.841 DEBUG 85031 --- [o-28852-exec-10] o.s.w.s.m.m.a.HttpEntityMethodProcessor  : Using 'application/json', given [*/*] and supported [application/json, application/*+json, application/json, application/*+json]
2022-07-25 01:46:41.841 DEBUG 85031 --- [o-28852-exec-10] o.s.w.s.m.m.a.HttpEntityMethodProcessor  : Writing [[account.business.Log@71c007ec, account.business.Log@4e915477, account.business.Log@6cda41f3, accoun (truncated)...]
2022-07-25 01:46:41.843 DEBUG 85031 --- [o-28852-exec-10] o.s.web.servlet.DispatcherServlet        : Completed 200 OK
?[1;31m
Start test 53?[0m
maxmustermann@acme.com
2022-07-25 01:46:41.958 DEBUG 85031 --- [o-28852-exec-11] o.s.web.servlet.DispatcherServlet        : "ERROR" dispatch for GET "/error", parameters={}
2022-07-25 01:46:41.959 DEBUG 85031 --- [o-28852-exec-11] s.w.s.m.m.a.RequestMappingHandlerMapping : Mapped to org.springframework.boot.autoconfigure.web.servlet.error.BasicErrorController#error(HttpServletRequest)
2022-07-25 01:46:41.960 DEBUG 85031 --- [o-28852-exec-11] o.s.w.s.m.m.a.HttpEntityMethodProcessor  : Using 'application/json', given [*/*] and supported [application/json, application/*+json, application/json, application/*+json]
2022-07-25 01:46:41.960 DEBUG 85031 --- [o-28852-exec-11] o.s.w.s.m.m.a.HttpEntityMethodProcessor  : Writing [{timestamp=Mon Jul 25 01:46:41 WAT 2022, status=401, error=Unauthorized, message=User account is loc (truncated)...]
2022-07-25 01:46:41.961 DEBUG 85031 --- [o-28852-exec-11] o.s.web.servlet.DispatcherServlet        : Exiting from "ERROR" dispatch, status 401
?[1;31m
Start test 54?[0m
2022-07-25 01:46:42.062 DEBUG 85031 --- [io-28852-exec-9] o.s.web.servlet.DispatcherServlet        : GET "/api/security/events/", parameters={}
2022-07-25 01:46:42.063 DEBUG 85031 --- [io-28852-exec-9] s.w.s.m.m.a.RequestMappingHandlerMapping : Mapped to account.presentation.UserController#getAllLogs(UserDetails, String)
2022-07-25 01:46:42.067 DEBUG 85031 --- [io-28852-exec-9] o.s.w.s.m.m.a.HttpEntityMethodProcessor  : Using 'application/json', given [*/*] and supported [application/json, application/*+json, application/json, application/*+json]
2022-07-25 01:46:42.067 DEBUG 85031 --- [io-28852-exec-9] o.s.w.s.m.m.a.HttpEntityMethodProcessor  : Writing [[account.business.Log@5594c14, account.business.Log@72cf3816, account.business.Log@7abd8f24, account (truncated)...]
2022-07-25 01:46:42.070 DEBUG 85031 --- [io-28852-exec-9] o.s.web.servlet.DispatcherServlet        : Completed 200 OK
?[1;31m
Start test 55?[0m
maxmustermann@acme.com
2022-07-25 01:46:42.078 DEBUG 85031 --- [o-28852-exec-12] o.s.web.servlet.DispatcherServlet        : "ERROR" dispatch for GET "/error", parameters={}
2022-07-25 01:46:42.079 DEBUG 85031 --- [o-28852-exec-12] s.w.s.m.m.a.RequestMappingHandlerMapping : Mapped to org.springframework.boot.autoconfigure.web.servlet.error.BasicErrorController#error(HttpServletRequest)
2022-07-25 01:46:42.080 DEBUG 85031 --- [o-28852-exec-12] o.s.w.s.m.m.a.HttpEntityMethodProcessor  : Using 'application/json', given [*/*] and supported [application/json, application/*+json, application/json, application/*+json]
2022-07-25 01:46:42.081 DEBUG 85031 --- [o-28852-exec-12] o.s.w.s.m.m.a.HttpEntityMethodProcessor  : Writing [{timestamp=Mon Jul 25 01:46:42 WAT 2022, status=401, error=Unauthorized, message=User account is loc (truncated)...]
2022-07-25 01:46:42.082 DEBUG 85031 --- [o-28852-exec-12] o.s.web.servlet.DispatcherServlet        : Exiting from "ERROR" dispatch, status 401
?[1;31m
Start test 56?[0m
2022-07-25 01:46:42.183 DEBUG 85031 --- [io-28852-exec-1] o.s.web.servlet.DispatcherServlet        : GET "/api/security/events/", parameters={}
2022-07-25 01:46:42.184 DEBUG 85031 --- [io-28852-exec-1] s.w.s.m.m.a.RequestMappingHandlerMapping : Mapped to account.presentation.UserController#getAllLogs(UserDetails, String)
2022-07-25 01:46:42.188 DEBUG 85031 --- [io-28852-exec-1] o.s.w.s.m.m.a.HttpEntityMethodProcessor  : Using 'application/json', given [*/*] and supported [application/json, application/*+json, application/json, application/*+json]
2022-07-25 01:46:42.188 DEBUG 85031 --- [io-28852-exec-1] o.s.w.s.m.m.a.HttpEntityMethodProcessor  : Writing [[account.business.Log@1b9fcf2a, account.business.Log@65adcf4b, account.business.Log@393d27cc, accoun (truncated)...]
2022-07-25 01:46:42.190 DEBUG 85031 --- [io-28852-exec-1] o.s.web.servlet.DispatcherServlet        : Completed 200 OK
?[1;31m
Start test 57?[0m
2022-07-25 01:46:42.292 DEBUG 85031 --- [io-28852-exec-2] o.s.web.servlet.DispatcherServlet        : PUT "/api/admin/user/access", parameters={}
2022-07-25 01:46:42.293 DEBUG 85031 --- [io-28852-exec-2] s.w.s.m.m.a.RequestMappingHandlerMapping : Mapped to account.presentation.AdminController#lockUser(UserDetailsImpl, Map)
2022-07-25 01:46:42.294 DEBUG 85031 --- [io-28852-exec-2] m.m.a.RequestResponseBodyMethodProcessor : Read "application/json;charset=UTF-8" to [{user=MaxMustermann@acme.com, operation=UNLOCK}]
2022-07-25 01:46:42.300 DEBUG 85031 --- [io-28852-exec-2] m.m.a.RequestResponseBodyMethodProcessor : Using 'application/json', given [*/*] and supported [application/json, application/*+json, application/json, application/*+json]
2022-07-25 01:46:42.300 DEBUG 85031 --- [io-28852-exec-2] m.m.a.RequestResponseBodyMethodProcessor : Writing [{status=User maxmustermann@acme.com unlocked!}]
2022-07-25 01:46:42.301 DEBUG 85031 --- [io-28852-exec-2] o.s.web.servlet.DispatcherServlet        : Completed 200 OK
?[1;31m
Start test 58?[0m
2022-07-25 01:46:42.402 DEBUG 85031 --- [io-28852-exec-3] o.s.web.servlet.DispatcherServlet        : GET "/api/security/events/", parameters={}
2022-07-25 01:46:42.403 DEBUG 85031 --- [io-28852-exec-3] s.w.s.m.m.a.RequestMappingHandlerMapping : Mapped to account.presentation.UserController#getAllLogs(UserDetails, String)
2022-07-25 01:46:42.407 DEBUG 85031 --- [io-28852-exec-3] o.s.w.s.m.m.a.HttpEntityMethodProcessor  : Using 'application/json', given [*/*] and supported [application/json, application/*+json, application/json, application/*+json]
2022-07-25 01:46:42.408 DEBUG 85031 --- [io-28852-exec-3] o.s.w.s.m.m.a.HttpEntityMethodProcessor  : Writing [[account.business.Log@de8d54e, account.business.Log@4659cfd2, account.business.Log@25fa735f, account (truncated)...]
2022-07-25 01:46:42.410 DEBUG 85031 --- [io-28852-exec-3] o.s.web.servlet.DispatcherServlet        : Completed 200 OK
?[1;31m
Start test 59?[0m
2022-07-25 01:46:42.515 DEBUG 85031 --- [io-28852-exec-4] o.s.web.servlet.DispatcherServlet        : GET "/api/security/events/", parameters={}
2022-07-25 01:46:42.516 DEBUG 85031 --- [io-28852-exec-4] s.w.s.m.m.a.RequestMappingHandlerMapping : Mapped to account.presentation.UserController#getAllLogs(UserDetails, String)
2022-07-25 01:46:42.519 DEBUG 85031 --- [io-28852-exec-4] o.s.w.s.m.m.a.HttpEntityMethodProcessor  : Using 'application/json', given [*/*] and supported [application/json, application/*+json, application/json, application/*+json]
2022-07-25 01:46:42.519 DEBUG 85031 --- [io-28852-exec-4] o.s.w.s.m.m.a.HttpEntityMethodProcessor  : Writing [[account.business.Log@48585da4, account.business.Log@221e59e7, account.business.Log@2ce6847b, accoun (truncated)...]
2022-07-25 01:46:42.521 DEBUG 85031 --- [io-28852-exec-4] o.s.web.servlet.DispatcherServlet        : Completed 200 OK
?[1;31m
Start test 60?[0m
maxmustermann@acme.com
2022-07-25 01:46:42.626 DEBUG 85031 --- [io-28852-exec-6] o.s.web.servlet.DispatcherServlet        : "ERROR" dispatch for GET "/error", parameters={}
2022-07-25 01:46:42.627 DEBUG 85031 --- [io-28852-exec-6] s.w.s.m.m.a.RequestMappingHandlerMapping : Mapped to org.springframework.boot.autoconfigure.web.servlet.error.BasicErrorController#error(HttpServletRequest)
2022-07-25 01:46:42.628 DEBUG 85031 --- [io-28852-exec-6] o.s.w.s.m.m.a.HttpEntityMethodProcessor  : Using 'application/json', given [*/*] and supported [application/json, application/*+json, application/json, application/*+json]
2022-07-25 01:46:42.628 DEBUG 85031 --- [io-28852-exec-6] o.s.w.s.m.m.a.HttpEntityMethodProcessor  : Writing [{timestamp=Mon Jul 25 01:46:42 WAT 2022, status=401, error=Unauthorized, message=Access Denied!, pat (truncated)...]
2022-07-25 01:46:42.629 DEBUG 85031 --- [io-28852-exec-6] o.s.web.servlet.DispatcherServlet        : Exiting from "ERROR" dispatch, status 401
?[1;31m
Start test 61?[0m
2022-07-25 01:46:42.729 DEBUG 85031 --- [io-28852-exec-7] o.s.web.servlet.DispatcherServlet        : GET "/api/security/events/", parameters={}
2022-07-25 01:46:42.730 DEBUG 85031 --- [io-28852-exec-7] s.w.s.m.m.a.RequestMappingHandlerMapping : Mapped to account.presentation.UserController#getAllLogs(UserDetails, String)
2022-07-25 01:46:42.732 DEBUG 85031 --- [io-28852-exec-7] o.s.w.s.m.m.a.HttpEntityMethodProcessor  : Using 'application/json', given [*/*] and supported [application/json, application/*+json, application/json, application/*+json]
2022-07-25 01:46:42.733 DEBUG 85031 --- [io-28852-exec-7] o.s.w.s.m.m.a.HttpEntityMethodProcessor  : Writing [[account.business.Log@5f8949f7, account.business.Log@73c93e91, account.business.Log@37ebb074, accoun (truncated)...]
2022-07-25 01:46:42.735 DEBUG 85031 --- [io-28852-exec-7] o.s.web.servlet.DispatcherServlet        : Completed 200 OK
?[1;31m
Start test 62?[0m
maxmustermann@acme.com
2022-07-25 01:46:42.840 DEBUG 85031 --- [io-28852-exec-8] o.s.web.servlet.DispatcherServlet        : "ERROR" dispatch for GET "/error", parameters={}
2022-07-25 01:46:42.841 DEBUG 85031 --- [io-28852-exec-8] s.w.s.m.m.a.RequestMappingHandlerMapping : Mapped to org.springframework.boot.autoconfigure.web.servlet.error.BasicErrorController#error(HttpServletRequest)
2022-07-25 01:46:42.842 DEBUG 85031 --- [io-28852-exec-8] o.s.w.s.m.m.a.HttpEntityMethodProcessor  : Using 'application/json', given [*/*] and supported [application/json, application/*+json, application/json, application/*+json]
2022-07-25 01:46:42.843 DEBUG 85031 --- [io-28852-exec-8] o.s.w.s.m.m.a.HttpEntityMethodProcessor  : Writing [{timestamp=Mon Jul 25 01:46:42 WAT 2022, status=401, error=Unauthorized, message=Access Denied!, pat (truncated)...]
2022-07-25 01:46:42.844 DEBUG 85031 --- [io-28852-exec-8] o.s.web.servlet.DispatcherServlet        : Exiting from "ERROR" dispatch, status 401
?[1;31m
Start test 63?[0m
2022-07-25 01:46:42.945 DEBUG 85031 --- [o-28852-exec-10] o.s.web.servlet.DispatcherServlet        : GET "/api/security/events/", parameters={}
2022-07-25 01:46:42.946 DEBUG 85031 --- [o-28852-exec-10] s.w.s.m.m.a.RequestMappingHandlerMapping : Mapped to account.presentation.UserController#getAllLogs(UserDetails, String)
2022-07-25 01:46:42.948 DEBUG 85031 --- [o-28852-exec-10] o.s.w.s.m.m.a.HttpEntityMethodProcessor  : Using 'application/json', given [*/*] and supported [application/json, application/*+json, application/json, application/*+json]
2022-07-25 01:46:42.949 DEBUG 85031 --- [o-28852-exec-10] o.s.w.s.m.m.a.HttpEntityMethodProcessor  : Writing [[account.business.Log@7dbe3f36, account.business.Log@293c0522, account.business.Log@4d77341e, accoun (truncated)...]
2022-07-25 01:46:42.950 DEBUG 85031 --- [o-28852-exec-10] o.s.web.servlet.DispatcherServlet        : Completed 200 OK
?[1;31m
Start test 64?[0m
maxmustermann@acme.com
2022-07-25 01:46:43.055 DEBUG 85031 --- [o-28852-exec-11] o.s.web.servlet.DispatcherServlet        : "ERROR" dispatch for GET "/error", parameters={}
2022-07-25 01:46:43.055 DEBUG 85031 --- [o-28852-exec-11] s.w.s.m.m.a.RequestMappingHandlerMapping : Mapped to org.springframework.boot.autoconfigure.web.servlet.error.BasicErrorController#error(HttpServletRequest)
2022-07-25 01:46:43.056 DEBUG 85031 --- [o-28852-exec-11] o.s.w.s.m.m.a.HttpEntityMethodProcessor  : Using 'application/json', given [*/*] and supported [application/json, application/*+json, application/json, application/*+json]
2022-07-25 01:46:43.056 DEBUG 85031 --- [o-28852-exec-11] o.s.w.s.m.m.a.HttpEntityMethodProcessor  : Writing [{timestamp=Mon Jul 25 01:46:43 WAT 2022, status=401, error=Unauthorized, message=Access Denied!, pat (truncated)...]
2022-07-25 01:46:43.057 DEBUG 85031 --- [o-28852-exec-11] o.s.web.servlet.DispatcherServlet        : Exiting from "ERROR" dispatch, status 401
?[1;31m
Start test 65?[0m
2022-07-25 01:46:43.157 DEBUG 85031 --- [io-28852-exec-9] o.s.web.servlet.DispatcherServlet        : GET "/api/security/events/", parameters={}
2022-07-25 01:46:43.158 DEBUG 85031 --- [io-28852-exec-9] s.w.s.m.m.a.RequestMappingHandlerMapping : Mapped to account.presentation.UserController#getAllLogs(UserDetails, String)
2022-07-25 01:46:43.162 DEBUG 85031 --- [io-28852-exec-9] o.s.w.s.m.m.a.HttpEntityMethodProcessor  : Using 'application/json', given [*/*] and supported [application/json, application/*+json, application/json, application/*+json]
2022-07-25 01:46:43.162 DEBUG 85031 --- [io-28852-exec-9] o.s.w.s.m.m.a.HttpEntityMethodProcessor  : Writing [[account.business.Log@5638830f, account.business.Log@4a3bf9d5, account.business.Log@79dbf206, accoun (truncated)...]
2022-07-25 01:46:43.164 DEBUG 85031 --- [io-28852-exec-9] o.s.web.servlet.DispatcherServlet        : Completed 200 OK
?[1;31m
Start test 66?[0m
maxmustermann@acme.com
2022-07-25 01:46:43.270 DEBUG 85031 --- [o-28852-exec-12] o.s.web.servlet.DispatcherServlet        : "ERROR" dispatch for GET "/error", parameters={}
2022-07-25 01:46:43.270 DEBUG 85031 --- [o-28852-exec-12] s.w.s.m.m.a.RequestMappingHandlerMapping : Mapped to org.springframework.boot.autoconfigure.web.servlet.error.BasicErrorController#error(HttpServletRequest)
2022-07-25 01:46:43.271 DEBUG 85031 --- [o-28852-exec-12] o.s.w.s.m.m.a.HttpEntityMethodProcessor  : Using 'application/json', given [*/*] and supported [application/json, application/*+json, application/json, application/*+json]
2022-07-25 01:46:43.272 DEBUG 85031 --- [o-28852-exec-12] o.s.w.s.m.m.a.HttpEntityMethodProcessor  : Writing [{timestamp=Mon Jul 25 01:46:43 WAT 2022, status=401, error=Unauthorized, message=Access Denied!, pat (truncated)...]
2022-07-25 01:46:43.273 DEBUG 85031 --- [o-28852-exec-12] o.s.web.servlet.DispatcherServlet        : Exiting from "ERROR" dispatch, status 401
?[1;31m
Start test 67?[0m
2022-07-25 01:46:43.378 DEBUG 85031 --- [io-28852-exec-1] o.s.web.servlet.DispatcherServlet        : GET "/api/security/events/", parameters={}
2022-07-25 01:46:43.379 DEBUG 85031 --- [io-28852-exec-1] s.w.s.m.m.a.RequestMappingHandlerMapping : Mapped to account.presentation.UserController#getAllLogs(UserDetails, String)
[...]
2022-07-25 01:46:44.302 DEBUG 85031 --- [io-28852-exec-8] m.m.a.RequestResponseBodyMethodProcessor : Writing [account.presentation.UserDTO@cc65582]
2022-07-25 01:46:44.303 DEBUG 85031 --- [io-28852-exec-8] o.s.web.servlet.DispatcherServlet        : Completed 200 OK
?[1;31m
Start test 77?[0m
petrpetrov@acme.com
2022-07-25 01:46:44.410 DEBUG 85031 --- [o-28852-exec-12] o.s.web.servlet.DispatcherServlet        : "ERROR" dispatch for GET "/error", parameters={}
2022-07-25 01:46:44.411 DEBUG 85031 --- [o-28852-exec-12] s.w.s.m.m.a.RequestMappingHandlerMapping : Mapped to org.springframework.boot.autoconfigure.web.servlet.error.BasicErrorController#error(HttpServletRequest)
2022-07-25 01:46:44.412 DEBUG 85031 --- [o-28852-exec-12] o.s.w.s.m.m.a.HttpEntityMethodProcessor  : Using 'application/json', given [*/*] and supported [application/json, application/*+json, application/json, application/*+json]
2022-07-25 01:46:44.412 DEBUG 85031 --- [o-28852-exec-12] o.s.w.s.m.m.a.HttpEntityMethodProcessor  : Writing [{timestamp=Mon Jul 25 01:46:44 WAT 2022, status=401, error=Unauthorized, message=Access Denied!, pat (truncated)...]
2022-07-25 01:46:44.413 DEBUG 85031 --- [o-28852-exec-12] o.s.web.servlet.DispatcherServlet        : Exiting from "ERROR" dispatch, status 401
?[1;31m
Start test 78?[0m
petrpetrov@acme.com
2022-07-25 01:46:44.515 DEBUG 85031 --- [o-28852-exec-10] o.s.web.servlet.DispatcherServlet        : "ERROR" dispatch for GET "/error", parameters={}
2022-07-25 01:46:44.516 DEBUG 85031 --- [o-28852-exec-10] s.w.s.m.m.a.RequestMappingHandlerMapping : Mapped to org.springframework.boot.autoconfigure.web.servlet.error.BasicErrorController#error(HttpServletRequest)
2022-07-25 01:46:44.517 DEBUG 85031 --- [o-28852-exec-10] o.s.w.s.m.m.a.HttpEntityMethodProcessor  : Using 'application/json', given [*/*] and supported [application/json, application/*+json, application/json, application/*+json]
2022-07-25 01:46:44.517 DEBUG 85031 --- [o-28852-exec-10] o.s.w.s.m.m.a.HttpEntityMethodProcessor  : Writing [{timestamp=Mon Jul 25 01:46:44 WAT 2022, status=401, error=Unauthorized, message=Access Denied!, pat (truncated)...]
2022-07-25 01:46:44.518 DEBUG 85031 --- [o-28852-exec-10] o.s.web.servlet.DispatcherServlet        : Exiting from "ERROR" dispatch, status 401
?[1;31m
Start test 79?[0m
petrpetrov@acme.com
2022-07-25 01:46:44.629 DEBUG 85031 --- [io-28852-exec-1] o.s.web.servlet.DispatcherServlet        : "ERROR" dispatch for GET "/error", parameters={}
2022-07-25 01:46:44.630 DEBUG 85031 --- [io-28852-exec-1] s.w.s.m.m.a.RequestMappingHandlerMapping : Mapped to org.springframework.boot.autoconfigure.web.servlet.error.BasicErrorController#error(HttpServletRequest)
2022-07-25 01:46:44.631 DEBUG 85031 --- [io-28852-exec-1] o.s.w.s.m.m.a.HttpEntityMethodProcessor  : Using 'application/json', given [*/*] and supported [application/json, application/*+json, application/json, application/*+json]
2022-07-25 01:46:44.631 DEBUG 85031 --- [io-28852-exec-1] o.s.w.s.m.m.a.HttpEntityMethodProcessor  : Writing [{timestamp=Mon Jul 25 01:46:44 WAT 2022, status=401, error=Unauthorized, message=Access Denied!, pat (truncated)...]
2022-07-25 01:46:44.632 DEBUG 85031 --- [io-28852-exec-1] o.s.web.servlet.DispatcherServlet        : Exiting from "ERROR" dispatch, status 401
?[1;31m
Start test 80?[0m
petrpetrov@acme.com
2022-07-25 01:46:44.738 DEBUG 85031 --- [io-28852-exec-2] o.s.web.servlet.DispatcherServlet        : "ERROR" dispatch for GET "/error", parameters={}
2022-07-25 01:46:44.738 DEBUG 85031 --- [io-28852-exec-2] s.w.s.m.m.a.RequestMappingHandlerMapping : Mapped to org.springframework.boot.autoconfigure.web.servlet.error.BasicErrorController#error(HttpServletRequest)
2022-07-25 01:46:44.739 DEBUG 85031 --- [io-28852-exec-2] o.s.w.s.m.m.a.HttpEntityMethodProcessor  : Using 'application/json', given [*/*] and supported [application/json, application/*+json, application/json, application/*+json]
2022-07-25 01:46:44.740 DEBUG 85031 --- [io-28852-exec-2] o.s.w.s.m.m.a.HttpEntityMethodProcessor  : Writing [{timestamp=Mon Jul 25 01:46:44 WAT 2022, status=401, error=Unauthorized, message=Access Denied!, pat (truncated)...]
2022-07-25 01:46:44.741 DEBUG 85031 --- [io-28852-exec-2] o.s.web.servlet.DispatcherServlet        : Exiting from "ERROR" dispatch, status 401
?[1;31m
Start test 81?[0m
2022-07-25 01:46:44.847 DEBUG 85031 --- [io-28852-exec-3] o.s.web.servlet.DispatcherServlet        : GET "/api/empl/payment", parameters={}
2022-07-25 01:46:44.848 DEBUG 85031 --- [io-28852-exec-3] s.w.s.m.m.a.RequestMappingHandlerMapping : Mapped to account.presentation.UserController#getByFilter(UserDetails, String)
2022-07-25 01:46:44.850 DEBUG 85031 --- [io-28852-exec-3] o.s.w.s.m.m.a.HttpEntityMethodProcessor  : Using 'application/json', given [*/*] and supported [application/json, application/*+json, application/json, application/*+json]
2022-07-25 01:46:44.850 DEBUG 85031 --- [io-28852-exec-3] o.s.w.s.m.m.a.HttpEntityMethodProcessor  : Writing [[]]
2022-07-25 01:46:44.852 DEBUG 85031 --- [io-28852-exec-3] o.s.web.servlet.DispatcherServlet        : Completed 200 OK
?[1;31m
Start test 82?[0m
petrpetrov@acme.com
2022-07-25 01:46:44.962 DEBUG 85031 --- [o-28852-exec-14] o.s.web.servlet.DispatcherServlet        : "ERROR" dispatch for GET "/error", parameters={}
2022-07-25 01:46:44.963 DEBUG 85031 --- [o-28852-exec-14] s.w.s.m.m.a.RequestMappingHandlerMapping : Mapped to org.springframework.boot.autoconfigure.web.servlet.error.BasicErrorController#error(HttpServletRequest)
2022-07-25 01:46:44.964 DEBUG 85031 --- [o-28852-exec-14] o.s.w.s.m.m.a.HttpEntityMethodProcessor  : Using 'application/json', given [*/*] and supported [application/json, application/*+json, application/json, application/*+json]
2022-07-25 01:46:44.964 DEBUG 85031 --- [o-28852-exec-14] o.s.w.s.m.m.a.HttpEntityMethodProcessor  : Writing [{timestamp=Mon Jul 25 01:46:44 WAT 2022, status=401, error=Unauthorized, message=Access Denied!, pat (truncated)...]
2022-07-25 01:46:44.966 DEBUG 85031 --- [o-28852-exec-14] o.s.web.servlet.DispatcherServlet        : Exiting from "ERROR" dispatch, status 401
?[1;31m
Start test 83?[0m
2022-07-25 01:46:45.073 DEBUG 85031 --- [io-28852-exec-5] o.s.web.servlet.DispatcherServlet        : GET "/api/empl/payment", parameters={}
2022-07-25 01:46:45.074 DEBUG 85031 --- [io-28852-exec-5] s.w.s.m.m.a.RequestMappingHandlerMapping : Mapped to account.presentation.UserController#getByFilter(UserDetails, String)
2022-07-25 01:46:45.075 DEBUG 85031 --- [io-28852-exec-5] o.s.w.s.m.m.a.HttpEntityMethodProcessor  : Using 'application/json', given [*/*] and supported [application/json, application/*+json, application/json, application/*+json]
2022-07-25 01:46:45.076 DEBUG 85031 --- [io-28852-exec-5] o.s.w.s.m.m.a.HttpEntityMethodProcessor  : Writing [[]]
2022-07-25 01:46:45.077 DEBUG 85031 --- [io-28852-exec-5] o.s.web.servlet.DispatcherServlet        : Completed 200 OK
?[1;31m
Start test 84?[0m
petrpetrov@acme.com
2022-07-25 01:46:45.182 DEBUG 85031 --- [o-28852-exec-13] o.s.web.servlet.DispatcherServlet        : "ERROR" dispatch for GET "/error", parameters={}
2022-07-25 01:46:45.183 DEBUG 85031 --- [o-28852-exec-13] s.w.s.m.m.a.RequestMappingHandlerMapping : Mapped to org.springframework.boot.autoconfigure.web.servlet.error.BasicErrorController#error(HttpServletRequest)
2022-07-25 01:46:45.183 DEBUG 85031 --- [o-28852-exec-13] o.s.w.s.m.m.a.HttpEntityMethodProcessor  : Using 'application/json', given [*/*] and supported [application/json, application/*+json, application/json, application/*+json]
2022-07-25 01:46:45.184 DEBUG 85031 --- [o-28852-exec-13] o.s.w.s.m.m.a.HttpEntityMethodProcessor  : Writing [{timestamp=Mon Jul 25 01:46:45 WAT 2022, status=401, error=Unauthorized, message=Access Denied!, pat (truncated)...]
2022-07-25 01:46:45.185 DEBUG 85031 --- [o-28852-exec-13] o.s.web.servlet.DispatcherServlet        : Exiting from "ERROR" dispatch, status 401
?[1;31m
Start test 85?[0m
petrpetrov@acme.com
2022-07-25 01:46:45.289 DEBUG 85031 --- [io-28852-exec-4] o.s.web.servlet.DispatcherServlet        : "ERROR" dispatch for GET "/error", parameters={}
2022-07-25 01:46:45.289 DEBUG 85031 --- [io-28852-exec-4] s.w.s.m.m.a.RequestMappingHandlerMapping : Mapped to org.springframework.boot.autoconfigure.web.servlet.error.BasicErrorController#error(HttpServletRequest)
2022-07-25 01:46:45.290 DEBUG 85031 --- [io-28852-exec-4] o.s.w.s.m.m.a.HttpEntityMethodProcessor  : Using 'application/json', given [*/*] and supported [application/json, application/*+json, application/json, application/*+json]
2022-07-25 01:46:45.290 DEBUG 85031 --- [io-28852-exec-4] o.s.w.s.m.m.a.HttpEntityMethodProcessor  : Writing [{timestamp=Mon Jul 25 01:46:45 WAT 2022, status=401, error=Unauthorized, message=Access Denied!, pat (truncated)...]
2022-07-25 01:46:45.291 DEBUG 85031 --- [io-28852-exec-4] o.s.web.servlet.DispatcherServlet        : Exiting from "ERROR" dispatch, status 401
?[1;31m
Start test 86?[0m
petrpetrov@acme.com
2022-07-25 01:46:45.401 DEBUG 85031 --- [io-28852-exec-6] o.s.web.servlet.DispatcherServlet        : "ERROR" dispatch for GET "/error", parameters={}
2022-07-25 01:46:45.402 DEBUG 85031 --- [io-28852-exec-6] s.w.s.m.m.a.RequestMappingHandlerMapping : Mapped to org.springframework.boot.autoconfigure.web.servlet.error.BasicErrorController#error(HttpServletRequest)
2022-07-25 01:46:45.403 DEBUG 85031 --- [io-28852-exec-6] o.s.w.s.m.m.a.HttpEntityMethodProcessor  : Using 'application/json', given [*/*] and supported [application/json, application/*+json, application/json, application/*+json]
2022-07-25 01:46:45.403 DEBUG 85031 --- [io-28852-exec-6] o.s.w.s.m.m.a.HttpEntityMethodProcessor  : Writing [{timestamp=Mon Jul 25 01:46:45 WAT 2022, status=401, error=Unauthorized, message=Access Denied!, pat (truncated)...]
2022-07-25 01:46:45.404 DEBUG 85031 --- [io-28852-exec-6] o.s.web.servlet.DispatcherServlet        : Exiting from "ERROR" dispatch, status 401
?[1;31m
Start test 87?[0m
petrpetrov@acme.com
2022-07-25 01:46:45.510 DEBUG 85031 --- [io-28852-exec-7] o.s.web.servlet.DispatcherServlet        : "ERROR" dispatch for GET "/error", parameters={}
2022-07-25 01:46:45.510 DEBUG 85031 --- [io-28852-exec-7] s.w.s.m.m.a.RequestMappingHandlerMapping : Mapped to org.springframework.boot.autoconfigure.web.servlet.error.BasicErrorController#error(HttpServletRequest)
2022-07-25 01:46:45.511 DEBUG 85031 --- [io-28852-exec-7] o.s.w.s.m.m.a.HttpEntityMethodProcessor  : Using 'application/json', given [*/*] and supported [application/json, application/*+json, application/json, application/*+json]
2022-07-25 01:46:45.512 DEBUG 85031 --- [io-28852-exec-7] o.s.w.s.m.m.a.HttpEntityMethodProcessor  : Writing [{timestamp=Mon Jul 25 01:46:45 WAT 2022, status=401, error=Unauthorized, message=Access Denied!, pat (truncated)...]
2022-07-25 01:46:45.513 DEBUG 85031 --- [io-28852-exec-7] o.s.web.servlet.DispatcherServlet        : Exiting from "ERROR" dispatch, status 401
?[1;31m
Start test 88?[0m
petrpetrov@acme.com
2022-07-25 01:46:45.621 DEBUG 85031 --- [io-28852-exec-9] o.s.web.servlet.DispatcherServlet        : "ERROR" dispatch for GET "/error", parameters={}
2022-07-25 01:46:45.621 DEBUG 85031 --- [io-28852-exec-9] s.w.s.m.m.a.RequestMappingHandlerMapping : Mapped to org.springframework.boot.autoconfigure.web.servlet.error.BasicErrorController#error(HttpServletRequest)
2022-07-25 01:46:45.622 DEBUG 85031 --- [io-28852-exec-9] o.s.w.s.m.m.a.HttpEntityMethodProcessor  : Using 'application/json', given [*/*] and supported [application/json, application/*+json, application/json, application/*+json]
2022-07-25 01:46:45.622 DEBUG 85031 --- [io-28852-exec-9] o.s.w.s.m.m.a.HttpEntityMethodProcessor  : Writing [{timestamp=Mon Jul 25 01:46:45 WAT 2022, status=401, error=Unauthorized, message=User account is loc (truncated)...]
2022-07-25 01:46:45.624 DEBUG 85031 --- [io-28852-exec-9] o.s.web.servlet.DispatcherServlet        : Exiting from "ERROR" dispatch, status 401
?[1;31m
Start test 89?[0m
petrpetrov@acme.com
2022-07-25 01:46:45.631 DEBUG 85031 --- [o-28852-exec-11] o.s.web.servlet.DispatcherServlet        : "ERROR" dispatch for GET "/error", parameters={}
2022-07-25 01:46:45.631 DEBUG 85031 --- [o-28852-exec-11] s.w.s.m.m.a.RequestMappingHandlerMapping : Mapped to org.springframework.boot.autoconfigure.web.servlet.error.BasicErrorController#error(HttpServletRequest)
2022-07-25 01:46:45.632 DEBUG 85031 --- [o-28852-exec-11] o.s.w.s.m.m.a.HttpEntityMethodProcessor  : Using 'application/json', given [*/*] and supported [application/json, application/*+json, application/json, application/*+json]
2022-07-25 01:46:45.632 DEBUG 85031 --- [o-28852-exec-11] o.s.w.s.m.m.a.HttpEntityMethodProcessor  : Writing [{timestamp=Mon Jul 25 01:46:45 WAT 2022, status=401, error=Unauthorized, message=User account is loc (truncated)...]
2022-07-25 01:46:45.633 DEBUG 85031 --- [o-28852-exec-11] o.s.web.servlet.DispatcherServlet        : Exiting from "ERROR" dispatch, status 401
?[1;31m
Start test 90?[0m
johndoe@acme.com
2022-07-25 01:46:45.740 DEBUG 85031 --- [o-28852-exec-15] o.s.web.servlet.DispatcherServlet        : "ERROR" dispatch for GET "/error", parameters={}
2022-07-25 01:46:45.741 DEBUG 85031 --- [o-28852-exec-15] s.w.s.m.m.a.RequestMappingHandlerMapping : Mapped to org.springframework.boot.autoconfigure.web.servlet.error.BasicErrorController#error(HttpServletRequest)
2022-07-25 01:46:45.741 DEBUG 85031 --- [o-28852-exec-15] o.s.w.s.m.m.a.HttpEntityMethodProcessor  : Using 'application/json', given [*/*] and supported [application/json, application/*+json, application/json, application/*+json]
2022-07-25 01:46:45.741 DEBUG 85031 --- [o-28852-exec-15] o.s.w.s.m.m.a.HttpEntityMethodProcessor  : Writing [{timestamp=Mon Jul 25 01:46:45 WAT 2022, status=401, error=Unauthorized, message=Access Denied!, pat (truncated)...]
2022-07-25 01:46:45.742 DEBUG 85031 --- [o-28852-exec-15] o.s.web.servlet.DispatcherServlet        : Exiting from "ERROR" dispatch, status 401
?[1;31m
Start test 91?[0m
johndoe@acme.com
2022-07-25 01:46:45.846 DEBUG 85031 --- [io-28852-exec-8] o.s.web.servlet.DispatcherServlet        : "ERROR" dispatch for GET "/error", parameters={}
2022-07-25 01:46:45.847 DEBUG 85031 --- [io-28852-exec-8] s.w.s.m.m.a.RequestMappingHandlerMapping : Mapped to org.springframework.boot.autoconfigure.web.servlet.error.BasicErrorController#error(HttpServletRequest)
2022-07-25 01:46:45.848 DEBUG 85031 --- [io-28852-exec-8] o.s.w.s.m.m.a.HttpEntityMethodProcessor  : Using 'application/json', given [*/*] and supported [application/json, application/*+json, application/json, application/*+json]
2022-07-25 01:46:45.848 DEBUG 85031 --- [io-28852-exec-8] o.s.w.s.m.m.a.HttpEntityMethodProcessor  : Writing [{timestamp=Mon Jul 25 01:46:45 WAT 2022, status=401, error=Unauthorized, message=Access Denied!, pat (truncated)...]
2022-07-25 01:46:45.849 DEBUG 85031 --- [io-28852-exec-8] o.s.web.servlet.DispatcherServlet        : Exiting from "ERROR" dispatch, status 401
?[1;31m
Start test 92?[0m
johndoe@acme.com
2022-07-25 01:46:45.950 DEBUG 85031 --- [o-28852-exec-12] o.s.web.servlet.DispatcherServlet        : "ERROR" dispatch for GET "/error", parameters={}
2022-07-25 01:46:45.951 DEBUG 85031 --- [o-28852-exec-12] s.w.s.m.m.a.RequestMappingHandlerMapping : Mapped to org.springframework.boot.autoconfigure.web.servlet.error.BasicErrorController#error(HttpServletRequest)
2022-07-25 01:46:45.951 DEBUG 85031 --- [o-28852-exec-12] o.s.w.s.m.m.a.HttpEntityMethodProcessor  : Using 'application/json', given [*/*] and supported [application/json, application/*+json, application/json, application/*+json]
2022-07-25 01:46:45.952 DEBUG 85031 --- [o-28852-exec-12] o.s.w.s.m.m.a.HttpEntityMethodProcessor  : Writing [{timestamp=Mon Jul 25 01:46:45 WAT 2022, status=401, error=Unauthorized, message=Access Denied!, pat (truncated)...]
2022-07-25 01:46:45.952 DEBUG 85031 --- [o-28852-exec-12] o.s.web.servlet.DispatcherServlet        : Exiting from "ERROR" dispatch, status 401
?[1;31m
Start test 93?[0m
johndoe@acme.com
2022-07-25 01:46:46.058 DEBUG 85031 --- [o-28852-exec-10] o.s.web.servlet.DispatcherServlet        : "ERROR" dispatch for GET "/error", parameters={}
2022-07-25 01:46:46.059 DEBUG 85031 --- [o-28852-exec-10] s.w.s.m.m.a.RequestMappingHandlerMapping : Mapped to org.springframework.boot.autoconfigure.web.servlet.error.BasicErrorController#error(HttpServletRequest)
2022-07-25 01:46:46.059 DEBUG 85031 --- [o-28852-exec-10] o.s.w.s.m.m.a.HttpEntityMethodProcessor  : Using 'application/json', given [*/*] and supported [application/json, application/*+json, application/json, application/*+json]
2022-07-25 01:46:46.059 DEBUG 85031 --- [o-28852-exec-10] o.s.w.s.m.m.a.HttpEntityMethodProcessor  : Writing [{timestamp=Mon Jul 25 01:46:46 WAT 2022, status=401, error=Unauthorized, message=Access Denied!, pat (truncated)...]
2022-07-25 01:46:46.060 DEBUG 85031 --- [o-28852-exec-10] o.s.web.servlet.DispatcherServlet        : Exiting from "ERROR" dispatch, status 401
?[1;31m
Start test 94?[0m
johndoe@acme.com
2022-07-25 01:46:46.160 DEBUG 85031 --- [o-28852-exec-14] o.s.web.servlet.DispatcherServlet        : "ERROR" dispatch for GET "/error", parameters={}
2022-07-25 01:46:46.161 DEBUG 85031 --- [o-28852-exec-14] s.w.s.m.m.a.RequestMappingHandlerMapping : Mapped to org.springframework.boot.autoconfigure.web.servlet.error.BasicErrorController#error(HttpServletRequest)
2022-07-25 01:46:46.162 DEBUG 85031 --- [o-28852-exec-14] o.s.w.s.m.m.a.HttpEntityMethodProcessor  : Using 'application/json', given [*/*] and supported [application/json, application/*+json, application/json, application/*+json]
2022-07-25 01:46:46.162 DEBUG 85031 --- [o-28852-exec-14] o.s.w.s.m.m.a.HttpEntityMethodProcessor  : Writing [{timestamp=Mon Jul 25 01:46:46 WAT 2022, status=401, error=Unauthorized, message=Access Denied!, pat (truncated)...]
2022-07-25 01:46:46.163 DEBUG 85031 --- [o-28852-exec-14] o.s.web.servlet.DispatcherServlet        : Exiting from "ERROR" dispatch, status 401
?[1;31m
Start test 95?[0m
2022-07-25 01:46:46.260 DEBUG 85031 --- [io-28852-exec-1] o.s.web.servlet.DispatcherServlet        : GET "/api/admin/user/", parameters={}
2022-07-25 01:46:46.261 DEBUG 85031 --- [io-28852-exec-1] s.w.s.m.m.a.RequestMappingHandlerMapping : Mapped to account.presentation.AdminController#getAll()
2022-07-25 01:46:46.264 DEBUG 85031 --- [io-28852-exec-1] m.m.a.RequestResponseBodyMethodProcessor : Using 'application/json', given [*/*] and supported [application/json, application/*+json, application/json, application/*+json]
2022-07-25 01:46:46.264 DEBUG 85031 --- [io-28852-exec-1] m.m.a.RequestResponseBodyMethodProcessor : Writing [[account.presentation.UserDTO@66f5b26e, account.presentation.UserDTO@53bb1b33, account.presentation. (truncated)...]
2022-07-25 01:46:46.265 DEBUG 85031 --- [io-28852-exec-1] o.s.web.servlet.DispatcherServlet        : Completed 200 OK
2022-07-25 01:46:46.269 DEBUG 85031 --- [io-28852-exec-5] o.s.web.servlet.DispatcherServlet        : POST "/actuator/shutdown", parameters={}
2022-07-25 01:46:46.270 DEBUG 85031 --- [io-28852-exec-5] m.m.a.RequestResponseBodyMethodProcessor : Read "application/json;charset=UTF-8" to []
2022-07-25 01:46:46.271 DEBUG 85031 --- [io-28852-exec-5] m.m.a.RequestResponseBodyMethodProcessor : Using 'application/vnd.spring-boot.actuator.v3+json', given [*/*] and supported [application/vnd.spring-boot.actuator.v3+json, application/vnd.spring-boot.actuator.v2+json, application/json]
2022-07-25 01:46:46.272 DEBUG 85031 --- [io-28852-exec-5] m.m.a.RequestResponseBodyMethodProcessor : Writing [{message=Shutting down, bye...}]
2022-07-25 01:46:46.273 DEBUG 85031 --- [io-28852-exec-5] o.s.web.servlet.DispatcherServlet        : Completed 200 OK
]]></system-out>
  <system-err><![CDATA[]]></system-err>
</testsuite>
